Mar 12, 2014 4:14:31 AM org.apache.solr.servlet.SolrDispatchFilter init
INFO: SolrDispatchFilter.init()
Mar 12, 2014 4:14:31 AM org.apache.solr.core.SolrResourceLoader locateSolrHome
INFO: JNDI not configured for solr (NoInitialContextEx)
Mar 12, 2014 4:14:31 AM org.apache.solr.core.SolrResourceLoader locateSolrHome
INFO: using system property solr.solr.home: /root/daysandnights2/solr
Mar 12, 2014 4:14:31 AM org.apache.solr.core.CoreContainer$Initializer initialize
INFO: looking for solr.xml: /root/daysandnights2/solr/solr.xml
Mar 12, 2014 4:14:31 AM org.apache.solr.core.CoreContainer <init>
INFO: New CoreContainer 1573847838
Mar 12, 2014 4:14:31 AM org.apache.solr.core.CoreContainer load
INFO: Loading CoreContainer using Solr Home: '/root/daysandnights2/solr/'
Mar 12, 2014 4:14:31 AM org.apache.solr.core.SolrResourceLoader <init>
INFO: new SolrResourceLoader for directory: '/root/daysandnights2/solr/'
Mar 12, 2014 4:14:31 AM org.apache.solr.handler.component.HttpShardHandlerFactory getParameter
INFO: Setting socketTimeout to: 0
Mar 12, 2014 4:14:31 AM org.apache.solr.handler.component.HttpShardHandlerFactory getParameter
INFO: Setting urlScheme to: http://
Mar 12, 2014 4:14:31 AM org.apache.solr.handler.component.HttpShardHandlerFactory getParameter
INFO: Setting connTimeout to: 0
Mar 12, 2014 4:14:31 AM org.apache.solr.handler.component.HttpShardHandlerFactory getParameter
INFO: Setting maxConnectionsPerHost to: 20
Mar 12, 2014 4:14:31 AM org.apache.solr.handler.component.HttpShardHandlerFactory getParameter
INFO: Setting corePoolSize to: 0
Mar 12, 2014 4:14:31 AM org.apache.solr.handler.component.HttpShardHandlerFactory getParameter
INFO: Setting maximumPoolSize to: 2147483647
Mar 12, 2014 4:14:31 AM org.apache.solr.handler.component.HttpShardHandlerFactory getParameter
INFO: Setting maxThreadIdleTime to: 5
Mar 12, 2014 4:14:31 AM org.apache.solr.handler.component.HttpShardHandlerFactory getParameter
INFO: Setting sizeOfQueue to: -1
Mar 12, 2014 4:14:31 AM org.apache.solr.handler.component.HttpShardHandlerFactory getParameter
INFO: Setting fairnessPolicy to: false
Mar 12, 2014 4:14:31 AM org.apache.solr.client.solrj.impl.HttpClientUtil createClient
INFO: Creating new http client, config:maxConnectionsPerHost=20&maxConnections=10000&socketTimeout=0&connTimeout=0&retry=false
Mar 12, 2014 4:14:31 AM org.apache.solr.core.CoreContainer load
INFO: Registering Log Listener
Mar 12, 2014 4:14:31 AM org.apache.solr.core.CoreContainer create
INFO: Creating SolrCore 'default' using instanceDir: /root/daysandnights2/solr/.
Mar 12, 2014 4:14:31 AM org.apache.solr.core.SolrResourceLoader <init>
INFO: new SolrResourceLoader for directory: '/root/daysandnights2/solr/./'
Mar 12, 2014 4:14:31 AM org.apache.solr.core.CoreContainer create
INFO: Creating SolrCore 'development' using instanceDir: /root/daysandnights2/solr/.
Mar 12, 2014 4:14:31 AM org.apache.solr.core.SolrResourceLoader <init>
INFO: new SolrResourceLoader for directory: '/root/daysandnights2/solr/./'
Mar 12, 2014 4:14:32 AM org.apache.solr.core.CoreContainer create
INFO: Creating SolrCore 'test' using instanceDir: /root/daysandnights2/solr/.
Mar 12, 2014 4:14:32 AM org.apache.solr.core.SolrResourceLoader <init>
INFO: new SolrResourceLoader for directory: '/root/daysandnights2/solr/./'
Mar 12, 2014 4:14:32 AM org.apache.solr.core.SolrConfig <init>
INFO: Using Lucene MatchVersion: LUCENE_41
Mar 12, 2014 4:14:32 AM org.apache.solr.core.SolrConfig <init>
INFO: Using Lucene MatchVersion: LUCENE_41
Mar 12, 2014 4:14:32 AM org.apache.solr.core.SolrConfig <init>
INFO: Using Lucene MatchVersion: LUCENE_41
Mar 12, 2014 4:14:32 AM org.apache.solr.core.SolrConfig <init>
INFO: Loaded SolrConfig: solrconfig.xml
Mar 12, 2014 4:14:32 AM org.apache.solr.core.SolrConfig <init>
INFO: Loaded SolrConfig: solrconfig.xml
Mar 12, 2014 4:14:32 AM org.apache.solr.core.SolrConfig <init>
INFO: Loaded SolrConfig: solrconfig.xml
Mar 12, 2014 4:14:32 AM org.apache.solr.schema.IndexSchema readSchema
INFO: Reading Solr Schema
Mar 12, 2014 4:14:32 AM org.apache.solr.schema.IndexSchema readSchema
INFO: Reading Solr Schema
Mar 12, 2014 4:14:32 AM org.apache.solr.schema.IndexSchema readSchema
INFO: Reading Solr Schema
Mar 12, 2014 4:14:32 AM org.apache.solr.schema.IndexSchema readSchema
INFO: Schema name=sunspot
Mar 12, 2014 4:14:32 AM org.apache.solr.schema.IndexSchema readSchema
INFO: Schema name=sunspot
Mar 12, 2014 4:14:32 AM org.apache.solr.schema.IndexSchema readSchema
INFO: Schema name=sunspot
Mar 12, 2014 4:14:33 AM org.apache.solr.schema.IndexSchema readSchema
INFO: default search field in schema is text
Mar 12, 2014 4:14:33 AM org.apache.solr.schema.IndexSchema readSchema
INFO: query parser default operator is AND
Mar 12, 2014 4:14:33 AM org.apache.solr.schema.IndexSchema readSchema
INFO: unique key field: id
Mar 12, 2014 4:14:33 AM org.apache.solr.schema.IndexSchema readSchema
INFO: default search field in schema is text
Mar 12, 2014 4:14:33 AM org.apache.solr.schema.IndexSchema readSchema
INFO: query parser default operator is AND
Mar 12, 2014 4:14:33 AM org.apache.solr.schema.IndexSchema readSchema
INFO: unique key field: id
Mar 12, 2014 4:14:33 AM org.apache.solr.schema.IndexSchema readSchema
INFO: default search field in schema is text
Mar 12, 2014 4:14:33 AM org.apache.solr.schema.IndexSchema readSchema
INFO: query parser default operator is AND
Mar 12, 2014 4:14:33 AM org.apache.solr.schema.IndexSchema readSchema
INFO: unique key field: id
Mar 12, 2014 4:14:33 AM org.apache.solr.core.SolrCore <init>
INFO: [default] Opening new SolrCore at /root/daysandnights2/solr/./, dataDir=/root/daysandnights2/solr/./default/data/
Mar 12, 2014 4:14:33 AM org.apache.solr.core.SolrCore <init>
INFO: JMX monitoring not detected for core: default
Mar 12, 2014 4:14:33 AM org.apache.solr.core.SolrCore <init>
INFO: [test] Opening new SolrCore at /root/daysandnights2/solr/./, dataDir=/root/daysandnights2/solr/./test/data/
Mar 12, 2014 4:14:33 AM org.apache.solr.core.SolrCore <init>
INFO: JMX monitoring not detected for core: test
Mar 12, 2014 4:14:33 AM org.apache.solr.core.SolrCore <init>
INFO: [development] Opening new SolrCore at /root/daysandnights2/solr/./, dataDir=/root/daysandnights2/solr/./development/data/
Mar 12, 2014 4:14:33 AM org.apache.solr.core.SolrCore <init>
INFO: JMX monitoring not detected for core: development
Mar 12, 2014 4:14:33 AM org.apache.solr.core.SolrCore initDirectoryFactory
INFO: solr.NRTCachingDirectoryFactory
Mar 12, 2014 4:14:33 AM org.apache.solr.core.SolrCore initDirectoryFactory
INFO: solr.NRTCachingDirectoryFactory
Mar 12, 2014 4:14:33 AM org.apache.solr.core.SolrCore initDirectoryFactory
INFO: solr.NRTCachingDirectoryFactory
Mar 12, 2014 4:14:33 AM org.apache.solr.core.CachingDirectoryFactory get
INFO: return new directory for /root/daysandnights2/solr/./default/data forceNew: false
Mar 12, 2014 4:14:33 AM org.apache.solr.core.SolrCore getNewIndexDir
INFO: New index directory detected: old=null new=/root/daysandnights2/solr/./default/data/index/
Mar 12, 2014 4:14:33 AM org.apache.solr.core.CachingDirectoryFactory get
INFO: return new directory for /root/daysandnights2/solr/./default/data/index forceNew: false
Mar 12, 2014 4:14:33 AM org.apache.solr.core.CachingDirectoryFactory get
INFO: return new directory for /root/daysandnights2/solr/./test/data forceNew: false
Mar 12, 2014 4:14:33 AM org.apache.solr.core.SolrCore getNewIndexDir
INFO: New index directory detected: old=null new=/root/daysandnights2/solr/./test/data/index/
Mar 12, 2014 4:14:33 AM org.apache.solr.core.CachingDirectoryFactory get
INFO: return new directory for /root/daysandnights2/solr/./test/data/index forceNew: false
Mar 12, 2014 4:14:33 AM org.apache.solr.core.CachingDirectoryFactory get
INFO: return new directory for /root/daysandnights2/solr/./development/data forceNew: false
Mar 12, 2014 4:14:33 AM org.apache.solr.core.SolrCore getNewIndexDir
INFO: New index directory detected: old=null new=/root/daysandnights2/solr/./development/data/index/
Mar 12, 2014 4:14:33 AM org.apache.solr.core.CachingDirectoryFactory get
INFO: return new directory for /root/daysandnights2/solr/./development/data/index forceNew: false
Mar 12, 2014 4:14:33 AM org.apache.solr.core.RequestHandlers initHandlersFromConfig
INFO: created /select: solr.SearchHandler
Mar 12, 2014 4:14:33 AM org.apache.solr.core.RequestHandlers initHandlersFromConfig
INFO: created /query: solr.SearchHandler
Mar 12, 2014 4:14:33 AM org.apache.solr.core.RequestHandlers initHandlersFromConfig
INFO: created /select: solr.SearchHandler
Mar 12, 2014 4:14:33 AM org.apache.solr.core.RequestHandlers initHandlersFromConfig
INFO: created /query: solr.SearchHandler
Mar 12, 2014 4:14:33 AM org.apache.solr.core.RequestHandlers initHandlersFromConfig
INFO: created /get: solr.RealTimeGetHandler
Mar 12, 2014 4:14:33 AM org.apache.solr.core.RequestHandlers initHandlersFromConfig
INFO: created /select: solr.SearchHandler
Mar 12, 2014 4:14:33 AM org.apache.solr.core.RequestHandlers initHandlersFromConfig
INFO: created /query: solr.SearchHandler
Mar 12, 2014 4:14:33 AM org.apache.solr.core.RequestHandlers initHandlersFromConfig
INFO: created /get: solr.RealTimeGetHandler
Mar 12, 2014 4:14:33 AM org.apache.solr.core.RequestHandlers initHandlersFromConfig
INFO: created /get: solr.RealTimeGetHandler
Mar 12, 2014 4:14:33 AM org.apache.solr.core.RequestHandlers initHandlersFromConfig
INFO: created /update: solr.UpdateRequestHandler
Mar 12, 2014 4:14:33 AM org.apache.solr.core.RequestHandlers initHandlersFromConfig
INFO: created /update: solr.UpdateRequestHandler
Mar 12, 2014 4:14:33 AM org.apache.solr.core.RequestHandlers initHandlersFromConfig
INFO: created /update: solr.UpdateRequestHandler
Mar 12, 2014 4:14:33 AM org.apache.solr.core.RequestHandlers initHandlersFromConfig
INFO: created /update/json: solr.JsonUpdateRequestHandler
Mar 12, 2014 4:14:33 AM org.apache.solr.core.RequestHandlers initHandlersFromConfig
INFO: created /update/csv: solr.CSVRequestHandler
Mar 12, 2014 4:14:33 AM org.apache.solr.core.RequestHandlers initHandlersFromConfig
INFO: created /update/json: solr.JsonUpdateRequestHandler
Mar 12, 2014 4:14:33 AM org.apache.solr.core.RequestHandlers initHandlersFromConfig
INFO: created /update/json: solr.JsonUpdateRequestHandler
Mar 12, 2014 4:14:33 AM org.apache.solr.core.RequestHandlers initHandlersFromConfig
INFO: created /update/csv: solr.CSVRequestHandler
Mar 12, 2014 4:14:33 AM org.apache.solr.core.RequestHandlers initHandlersFromConfig
INFO: adding lazy requestHandler: solr.extraction.ExtractingRequestHandler
Mar 12, 2014 4:14:33 AM org.apache.solr.core.RequestHandlers initHandlersFromConfig
INFO: created /update/extract: solr.extraction.ExtractingRequestHandler
Mar 12, 2014 4:14:33 AM org.apache.solr.core.RequestHandlers initHandlersFromConfig
INFO: adding lazy requestHandler: solr.FieldAnalysisRequestHandler
Mar 12, 2014 4:14:33 AM org.apache.solr.core.RequestHandlers initHandlersFromConfig
INFO: created /analysis/field: solr.FieldAnalysisRequestHandler
Mar 12, 2014 4:14:33 AM org.apache.solr.core.RequestHandlers initHandlersFromConfig
INFO: adding lazy requestHandler: solr.extraction.ExtractingRequestHandler
Mar 12, 2014 4:14:33 AM org.apache.solr.core.RequestHandlers initHandlersFromConfig
INFO: created /update/csv: solr.CSVRequestHandler
Mar 12, 2014 4:14:33 AM org.apache.solr.core.RequestHandlers initHandlersFromConfig
INFO: created /update/extract: solr.extraction.ExtractingRequestHandler
Mar 12, 2014 4:14:33 AM org.apache.solr.core.RequestHandlers initHandlersFromConfig
INFO: adding lazy requestHandler: solr.DocumentAnalysisRequestHandler
Mar 12, 2014 4:14:33 AM org.apache.solr.core.RequestHandlers initHandlersFromConfig
INFO: adding lazy requestHandler: solr.FieldAnalysisRequestHandler
Mar 12, 2014 4:14:33 AM org.apache.solr.core.RequestHandlers initHandlersFromConfig
INFO: adding lazy requestHandler: solr.extraction.ExtractingRequestHandler
Mar 12, 2014 4:14:33 AM org.apache.solr.core.RequestHandlers initHandlersFromConfig
INFO: created /analysis/field: solr.FieldAnalysisRequestHandler
Mar 12, 2014 4:14:33 AM org.apache.solr.core.RequestHandlers initHandlersFromConfig
INFO: created /analysis/document: solr.DocumentAnalysisRequestHandler
Mar 12, 2014 4:14:33 AM org.apache.solr.core.RequestHandlers initHandlersFromConfig
INFO: adding lazy requestHandler: solr.DocumentAnalysisRequestHandler
Mar 12, 2014 4:14:33 AM org.apache.solr.core.RequestHandlers initHandlersFromConfig
INFO: created /update/extract: solr.extraction.ExtractingRequestHandler
Mar 12, 2014 4:14:33 AM org.apache.solr.core.RequestHandlers initHandlersFromConfig
INFO: created /analysis/document: solr.DocumentAnalysisRequestHandler
Mar 12, 2014 4:14:33 AM org.apache.solr.core.RequestHandlers initHandlersFromConfig
INFO: adding lazy requestHandler: solr.FieldAnalysisRequestHandler
Mar 12, 2014 4:14:33 AM org.apache.solr.core.RequestHandlers initHandlersFromConfig
INFO: created /analysis/field: solr.FieldAnalysisRequestHandler
Mar 12, 2014 4:14:33 AM org.apache.solr.core.RequestHandlers initHandlersFromConfig
INFO: adding lazy requestHandler: solr.DocumentAnalysisRequestHandler
Mar 12, 2014 4:14:33 AM org.apache.solr.core.RequestHandlers initHandlersFromConfig
INFO: created /analysis/document: solr.DocumentAnalysisRequestHandler
Mar 12, 2014 4:14:33 AM org.apache.solr.core.RequestHandlers initHandlersFromConfig
INFO: created /admin/ping: solr.PingRequestHandler
Mar 12, 2014 4:14:33 AM org.apache.solr.core.RequestHandlers initHandlersFromConfig
INFO: created /debug/dump: solr.DumpRequestHandler
Mar 12, 2014 4:14:33 AM org.apache.solr.core.RequestHandlers initHandlersFromConfig
INFO: created /admin/ping: solr.PingRequestHandler
Mar 12, 2014 4:14:33 AM org.apache.solr.core.RequestHandlers initHandlersFromConfig
INFO: created /admin/ping: solr.PingRequestHandler
Mar 12, 2014 4:14:33 AM org.apache.solr.core.RequestHandlers initHandlersFromConfig
INFO: created /debug/dump: solr.DumpRequestHandler
Mar 12, 2014 4:14:33 AM org.apache.solr.core.RequestHandlers initHandlersFromConfig
INFO: created /debug/dump: solr.DumpRequestHandler
Mar 12, 2014 4:14:33 AM org.apache.solr.core.RequestHandlers initHandlersFromConfig
INFO: created /replication: solr.ReplicationHandler
Mar 12, 2014 4:14:33 AM org.apache.solr.core.RequestHandlers initHandlersFromConfig
INFO: created /replication: solr.ReplicationHandler
Mar 12, 2014 4:14:33 AM org.apache.solr.core.RequestHandlers initHandlersFromConfig
INFO: created /replication: solr.ReplicationHandler
Mar 12, 2014 4:14:33 AM org.apache.solr.core.RequestHandlers initHandlersFromConfig
INFO: created /mlt: solr.MoreLikeThisHandler
Mar 12, 2014 4:14:33 AM org.apache.solr.core.RequestHandlers initHandlersFromConfig
INFO: created /admin/: solr.admin.AdminHandlers
Mar 12, 2014 4:14:33 AM org.apache.solr.core.RequestHandlers initHandlersFromConfig
INFO: created /mlt: solr.MoreLikeThisHandler
Mar 12, 2014 4:14:33 AM org.apache.solr.core.RequestHandlers initHandlersFromConfig
INFO: created /admin/: solr.admin.AdminHandlers
Mar 12, 2014 4:14:33 AM org.apache.solr.core.RequestHandlers initHandlersFromConfig
INFO: created /mlt: solr.MoreLikeThisHandler
Mar 12, 2014 4:14:33 AM org.apache.solr.core.RequestHandlers initHandlersFromConfig
INFO: created /admin/: solr.admin.AdminHandlers
Mar 12, 2014 4:14:33 AM org.apache.solr.handler.loader.XMLLoader init
INFO: xsltCacheLifetimeSeconds=60
Mar 12, 2014 4:14:33 AM org.apache.solr.handler.loader.XMLLoader init
INFO: xsltCacheLifetimeSeconds=60
Mar 12, 2014 4:14:33 AM org.apache.solr.handler.loader.XMLLoader init
INFO: xsltCacheLifetimeSeconds=60
Mar 12, 2014 4:14:34 AM org.apache.solr.handler.loader.XMLLoader init
INFO: xsltCacheLifetimeSeconds=60
Mar 12, 2014 4:14:34 AM org.apache.solr.handler.loader.XMLLoader init
INFO: xsltCacheLifetimeSeconds=60
Mar 12, 2014 4:14:34 AM org.apache.solr.handler.loader.XMLLoader init
INFO: xsltCacheLifetimeSeconds=60
Mar 12, 2014 4:14:34 AM org.apache.solr.handler.loader.XMLLoader init
INFO: xsltCacheLifetimeSeconds=60
Mar 12, 2014 4:14:34 AM org.apache.solr.handler.loader.XMLLoader init
INFO: xsltCacheLifetimeSeconds=60
Mar 12, 2014 4:14:34 AM org.apache.solr.handler.loader.XMLLoader init
INFO: xsltCacheLifetimeSeconds=60
Mar 12, 2014 4:14:34 AM org.apache.solr.search.SolrIndexSearcher <init>
INFO: Opening Searcher@13c2825b main
Mar 12, 2014 4:14:34 AM org.apache.solr.search.SolrIndexSearcher <init>
INFO: Opening Searcher@5d4ec870 main
Mar 12, 2014 4:14:34 AM org.apache.solr.update.CommitTracker <init>
INFO: Hard AutoCommit: if uncommited for 15000ms; 
Mar 12, 2014 4:14:34 AM org.apache.solr.update.CommitTracker <init>
INFO: Soft AutoCommit: if uncommited for 5000ms; 
Mar 12, 2014 4:14:34 AM org.apache.solr.handler.component.SpellCheckComponent inform
INFO: Initializing spell checkers
Mar 12, 2014 4:14:34 AM org.apache.solr.update.CommitTracker <init>
INFO: Hard AutoCommit: if uncommited for 15000ms; 
Mar 12, 2014 4:14:34 AM org.apache.solr.update.CommitTracker <init>
INFO: Soft AutoCommit: if uncommited for 5000ms; 
Mar 12, 2014 4:14:34 AM org.apache.solr.handler.component.SpellCheckComponent inform
INFO: Initializing spell checkers
Mar 12, 2014 4:14:34 AM org.apache.solr.spelling.DirectSolrSpellChecker init
INFO: init: {name=default,field=name,classname=solr.DirectSolrSpellChecker,distanceMeasure=internal,accuracy=0.5,maxEdits=2,minPrefix=1,maxInspections=5,minQueryLength=4,maxQueryFrequency=0.01}
Mar 12, 2014 4:14:34 AM org.apache.solr.spelling.DirectSolrSpellChecker init
INFO: init: {name=default,field=name,classname=solr.DirectSolrSpellChecker,distanceMeasure=internal,accuracy=0.5,maxEdits=2,minPrefix=1,maxInspections=5,minQueryLength=4,maxQueryFrequency=0.01}
Mar 12, 2014 4:14:34 AM org.apache.solr.handler.component.SpellCheckComponent inform
INFO: No queryConverter defined, using default converter
Mar 12, 2014 4:14:34 AM org.apache.solr.handler.component.SpellCheckComponent inform
INFO: No queryConverter defined, using default converter
Mar 12, 2014 4:14:34 AM org.apache.solr.handler.ReplicationHandler inform
INFO: Commits will be reserved for  10000
Mar 12, 2014 4:14:34 AM org.apache.solr.handler.ReplicationHandler inform
INFO: Commits will be reserved for  10000
Mar 12, 2014 4:14:34 AM org.apache.solr.core.SolrCore registerSearcher
INFO: [test] Registered new searcher Searcher@13c2825b main{StandardDirectoryReader(segments_1:1)}
Mar 12, 2014 4:14:34 AM org.apache.solr.core.CoreContainer registerCore
INFO: registering core: test
Mar 12, 2014 4:14:34 AM org.apache.solr.core.SolrCore registerSearcher
INFO: [default] Registered new searcher Searcher@5d4ec870 main{StandardDirectoryReader(segments_1:1)}
Mar 12, 2014 4:14:34 AM org.apache.solr.core.CoreContainer registerCore
INFO: registering core: default
Mar 12, 2014 4:14:34 AM org.apache.solr.search.SolrIndexSearcher <init>
INFO: Opening Searcher@7f63e307 main
Mar 12, 2014 4:14:34 AM org.apache.solr.update.CommitTracker <init>
INFO: Hard AutoCommit: if uncommited for 15000ms; 
Mar 12, 2014 4:14:34 AM org.apache.solr.update.CommitTracker <init>
INFO: Soft AutoCommit: if uncommited for 5000ms; 
Mar 12, 2014 4:14:34 AM org.apache.solr.handler.component.SpellCheckComponent inform
INFO: Initializing spell checkers
Mar 12, 2014 4:14:34 AM org.apache.solr.spelling.DirectSolrSpellChecker init
INFO: init: {name=default,field=name,classname=solr.DirectSolrSpellChecker,distanceMeasure=internal,accuracy=0.5,maxEdits=2,minPrefix=1,maxInspections=5,minQueryLength=4,maxQueryFrequency=0.01}
Mar 12, 2014 4:14:34 AM org.apache.solr.handler.component.SpellCheckComponent inform
INFO: No queryConverter defined, using default converter
Mar 12, 2014 4:14:34 AM org.apache.solr.handler.ReplicationHandler inform
INFO: Commits will be reserved for  10000
Mar 12, 2014 4:14:34 AM org.apache.solr.core.SolrCore registerSearcher
INFO: [development] Registered new searcher Searcher@7f63e307 main{StandardDirectoryReader(segments_7:23 _5(4.2):C3/2)}
Mar 12, 2014 4:14:34 AM org.apache.solr.core.CoreContainer registerCore
INFO: registering core: development
Mar 12, 2014 4:14:34 AM org.apache.solr.servlet.SolrDispatchFilter init
INFO: user.dir=/usr/local/rvm/gems/ruby-2.1.0/gems/sunspot_solr-2.1.0/solr
Mar 12, 2014 4:14:34 AM org.apache.solr.servlet.SolrDispatchFilter init
INFO: SolrDispatchFilter.init() done
Mar 12, 2014 4:14:37 AM org.apache.solr.core.SolrCore execute
INFO: [development] webapp=/solr path=/select params={start=0&q=*:*&wt=ruby&fq=type:Event&rows=30} hits=0 status=0 QTime=161 
Mar 12, 2014 8:56:57 AM org.apache.solr.core.SolrCore execute
INFO: [development] webapp=/solr path=/select params={start=0&q=*:*&wt=ruby&fq=type:Event&rows=30} hits=0 status=0 QTime=9 
Mar 13, 2014 12:35:33 AM org.apache.solr.core.SolrCore execute
INFO: [development] webapp=/solr path=/select params={start=0&q=*:*&wt=ruby&fq=type:Event&rows=30} hits=0 status=0 QTime=32 
Mar 13, 2014 12:36:48 AM org.apache.solr.core.SolrCore execute
INFO: [development] webapp=/solr path=/select params={start=0&q=*:*&wt=ruby&fq=type:Event&rows=30} hits=0 status=0 QTime=1 
Mar 13, 2014 1:04:26 AM org.apache.solr.core.SolrCore execute
INFO: [development] webapp=/solr path=/select params={start=0&q=*:*&wt=ruby&fq=type:Event&rows=30} hits=0 status=0 QTime=1 
Mar 13, 2014 1:14:49 AM org.apache.solr.core.SolrCore execute
INFO: [development] webapp=/solr path=/select params={start=0&q=*:*&wt=ruby&fq=type:Event&rows=30} hits=0 status=0 QTime=1 
Mar 13, 2014 1:15:18 AM org.apache.solr.core.SolrCore execute
INFO: [development] webapp=/solr path=/select params={start=0&q=*:*&wt=ruby&fq=type:Event&rows=30} hits=0 status=0 QTime=1 
Mar 13, 2014 1:16:24 AM org.apache.solr.core.SolrCore execute
INFO: [development] webapp=/solr path=/select params={start=0&q=*:*&wt=ruby&fq=type:Event&rows=30} hits=0 status=0 QTime=1 
Mar 13, 2014 1:16:37 AM org.apache.solr.core.SolrCore execute
INFO: [development] webapp=/solr path=/select params={start=0&q=*:*&wt=ruby&fq=type:Event&rows=30} hits=0 status=0 QTime=1 
Mar 13, 2014 1:16:42 AM org.apache.solr.core.SolrCore execute
INFO: [development] webapp=/solr path=/select params={start=0&q=*:*&wt=ruby&fq=type:Event&rows=30} hits=0 status=0 QTime=1 
Mar 13, 2014 1:18:21 AM org.apache.solr.core.SolrCore execute
INFO: [development] webapp=/solr path=/select params={start=0&q=*:*&wt=ruby&fq=type:Event&rows=30} hits=0 status=0 QTime=0 
Mar 13, 2014 1:19:08 AM org.apache.solr.core.SolrCore execute
INFO: [development] webapp=/solr path=/select params={start=0&q=*:*&wt=ruby&fq=type:Event&rows=30} hits=0 status=0 QTime=0 
Mar 14, 2014 6:33:14 AM org.apache.solr.core.SolrCore execute
INFO: [development] webapp=/solr path=/select params={start=0&q=*:*&wt=ruby&fq=type:Event&rows=30} hits=0 status=0 QTime=20 
Mar 14, 2014 6:41:51 AM org.apache.solr.core.SolrCore execute
INFO: [development] webapp=/solr path=/select params={start=0&q=*:*&wt=ruby&fq=type:Event&rows=30} hits=0 status=0 QTime=0 
Mar 14, 2014 7:11:09 AM org.apache.solr.core.SolrDeletionPolicy onInit
INFO: SolrDeletionPolicy.onInit: commits:num=1
	commit{dir=NRTCachingDirectory(org.apache.lucene.store.MMapDirectory@/root/daysandnights2/solr/development/data/index lockFactory=org.apache.lucene.store.NativeFSLockFactory@50325aa1; maxCacheMB=48.0 maxMergeSizeMB=4.0),segFN=segments_7,generation=7,filenames=[_5.si, _5.fnm, _5.nvm, _5.fdt, segments_7, _5_Lucene41_0.tim, _5_Lucene41_0.tip, _5_Lucene41_0.pos, _5_Lucene41_0.doc, _5.fdx, _5.nvd, _5_1.del]
Mar 14, 2014 7:11:09 AM org.apache.solr.core.SolrDeletionPolicy updateCommits
INFO: newest commit = 7[_5.si, _5.fnm, _5.nvm, _5.fdt, segments_7, _5_Lucene41_0.tim, _5_Lucene41_0.tip, _5_Lucene41_0.pos, _5_Lucene41_0.doc, _5.fdx, _5.nvd, _5_1.del]
Mar 14, 2014 7:11:09 AM org.apache.solr.update.processor.LogUpdateProcessor finish
INFO: [development] webapp=/solr path=/update params={wt=ruby} {delete=[Place 1 (-1462549053647618048)]} 0 398
Mar 14, 2014 7:11:09 AM org.apache.solr.update.DirectUpdateHandler2 commit
INFO: start commit{,optimize=false,openSearcher=true,waitSearcher=true,expungeDeletes=false,softCommit=false,prepareCommit=false}
Mar 14, 2014 7:11:09 AM org.apache.solr.core.SolrDeletionPolicy onCommit
INFO: SolrDeletionPolicy.onCommit: commits:num=2
	commit{dir=NRTCachingDirectory(org.apache.lucene.store.MMapDirectory@/root/daysandnights2/solr/development/data/index lockFactory=org.apache.lucene.store.NativeFSLockFactory@50325aa1; maxCacheMB=48.0 maxMergeSizeMB=4.0),segFN=segments_7,generation=7,filenames=[_5.si, _5.fnm, _5.nvm, _5.fdt, segments_7, _5_Lucene41_0.tim, _5_Lucene41_0.tip, _5_Lucene41_0.pos, _5_Lucene41_0.doc, _5.fdx, _5.nvd, _5_1.del]
	commit{dir=NRTCachingDirectory(org.apache.lucene.store.MMapDirectory@/root/daysandnights2/solr/development/data/index lockFactory=org.apache.lucene.store.NativeFSLockFactory@50325aa1; maxCacheMB=48.0 maxMergeSizeMB=4.0),segFN=segments_8,generation=8,filenames=[segments_8]
Mar 14, 2014 7:11:09 AM org.apache.solr.core.SolrDeletionPolicy updateCommits
INFO: newest commit = 8[segments_8]
Mar 14, 2014 7:11:09 AM org.apache.solr.search.SolrIndexSearcher <init>
INFO: Opening Searcher@24cce823 main
Mar 14, 2014 7:11:09 AM org.apache.solr.update.DirectUpdateHandler2 commit
INFO: end_commit_flush
Mar 14, 2014 7:11:09 AM org.apache.solr.core.SolrCore registerSearcher
INFO: [development] Registered new searcher Searcher@24cce823 main{StandardDirectoryReader(segments_8:25)}
Mar 14, 2014 7:11:09 AM org.apache.solr.update.processor.LogUpdateProcessor finish
INFO: [development] webapp=/solr path=/update params={wt=ruby} {commit=} 0 60
Mar 14, 2014 7:22:49 AM org.apache.solr.core.SolrCore execute
INFO: [development] webapp=/solr path=/select params={start=0&q=*:*&wt=ruby&fq=type:Event&rows=30} hits=0 status=0 QTime=0 
Mar 14, 2014 10:22:43 AM org.apache.solr.core.SolrCore execute
INFO: [development] webapp=/solr path=/select params={start=0&q=*:*&wt=ruby&fq=type:Event&rows=30} hits=0 status=0 QTime=1 
Mar 14, 2014 10:27:14 AM org.apache.solr.core.SolrCore execute
INFO: [development] webapp=/solr path=/select params={start=0&q=*:*&wt=ruby&fq=type:Event&rows=30} hits=0 status=0 QTime=1 
Mar 14, 2014 10:43:11 AM org.apache.solr.core.SolrCore execute
INFO: [development] webapp=/solr path=/select params={start=0&q=*:*&wt=ruby&fq=type:Event&rows=30} hits=0 status=0 QTime=0 
Mar 14, 2014 10:43:55 AM org.apache.solr.core.SolrCore execute
INFO: [development] webapp=/solr path=/select params={start=0&q=*:*&wt=ruby&fq=type:Event&rows=30} hits=0 status=0 QTime=0 
