# Logfile created on 2014-02-15 16:04:28 -0500 by logger.rb/44203
I, [2014-02-15T16:04:28.545428 #2913]  INFO -- : 0:  rake (10.1.1) from /usr/local/rvm/gems/ruby-2.1.0/specifications/rake-10.1.1.gemspec
I, [2014-02-15T16:04:28.545946 #2913]  INFO -- : 0:  i18n (0.6.9) from /usr/local/rvm/gems/ruby-2.1.0/specifications/i18n-0.6.9.gemspec
I, [2014-02-15T16:04:28.650386 #2913]  INFO -- : 0:  minitest (4.7.5) from /usr/local/rvm/gems/ruby-2.1.0/specifications/minitest-4.7.5.gemspec
I, [2014-02-15T16:04:28.651070 #2913]  INFO -- : 0:  multi_json (1.8.2) from /usr/local/rvm/gems/ruby-2.1.0/specifications/multi_json-1.8.2.gemspec
I, [2014-02-15T16:04:28.651488 #2913]  INFO -- : 0:  atomic (1.1.14) from /usr/local/rvm/gems/ruby-2.1.0/specifications/atomic-1.1.14.gemspec
I, [2014-02-15T16:04:28.652021 #2913]  INFO -- : 0:  thread_safe (0.1.3) from /usr/local/rvm/gems/ruby-2.1.0/specifications/thread_safe-0.1.3.gemspec
I, [2014-02-15T16:04:28.652433 #2913]  INFO -- : 0:  tzinfo (0.3.38) from /usr/local/rvm/gems/ruby-2.1.0/specifications/tzinfo-0.3.38.gemspec
I, [2014-02-15T16:04:28.652949 #2913]  INFO -- : 0:  activesupport (4.0.1) from /usr/local/rvm/gems/ruby-2.1.0/specifications/activesupport-4.0.1.gemspec
I, [2014-02-15T16:04:28.653351 #2913]  INFO -- : 0:  builder (3.1.4) from /usr/local/rvm/gems/ruby-2.1.0/specifications/builder-3.1.4.gemspec
I, [2014-02-15T16:04:28.653887 #2913]  INFO -- : 0:  erubis (2.7.0) from /usr/local/rvm/gems/ruby-2.1.0/specifications/erubis-2.7.0.gemspec
I, [2014-02-15T16:04:28.654283 #2913]  INFO -- : 0:  rack (1.5.2) from /usr/local/rvm/gems/ruby-2.1.0/specifications/rack-1.5.2.gemspec
I, [2014-02-15T16:04:28.654700 #2913]  INFO -- : 0:  rack-test (0.6.2) from /usr/local/rvm/gems/ruby-2.1.0/specifications/rack-test-0.6.2.gemspec
I, [2014-02-15T16:04:28.655266 #2913]  INFO -- : 0:  actionpack (4.0.1) from /usr/local/rvm/gems/ruby-2.1.0/specifications/actionpack-4.0.1.gemspec
I, [2014-02-15T16:04:28.655674 #2913]  INFO -- : 0:  mime-types (1.25.1) from /usr/local/rvm/gems/ruby-2.1.0/specifications/mime-types-1.25.1.gemspec
I, [2014-02-15T16:04:28.656203 #2913]  INFO -- : 0:  polyglot (0.3.3) from /usr/local/rvm/gems/ruby-2.1.0/specifications/polyglot-0.3.3.gemspec
I, [2014-02-15T16:04:28.656609 #2913]  INFO -- : 0:  treetop (1.4.15) from /usr/local/rvm/gems/ruby-2.1.0/specifications/treetop-1.4.15.gemspec
I, [2014-02-15T16:04:28.657135 #2913]  INFO -- : 0:  mail (2.5.4) from /usr/local/rvm/gems/ruby-2.1.0/specifications/mail-2.5.4.gemspec
I, [2014-02-15T16:04:28.657554 #2913]  INFO -- : 0:  actionmailer (4.0.1) from /usr/local/rvm/gems/ruby-2.1.0/specifications/actionmailer-4.0.1.gemspec
I, [2014-02-15T16:04:28.658113 #2913]  INFO -- : 0:  activemodel (4.0.1) from /usr/local/rvm/gems/ruby-2.1.0/specifications/activemodel-4.0.1.gemspec
I, [2014-02-15T16:04:28.658528 #2913]  INFO -- : 0:  activerecord-deprecated_finders (1.0.3) from /usr/local/rvm/gems/ruby-2.1.0/specifications/activerecord-deprecated_finders-1.0.3.gemspec
I, [2014-02-15T16:04:28.659071 #2913]  INFO -- : 0:  arel (4.0.1) from /usr/local/rvm/gems/ruby-2.1.0/specifications/arel-4.0.1.gemspec
I, [2014-02-15T16:04:28.659506 #2913]  INFO -- : 0:  activerecord (4.0.1) from /usr/local/rvm/gems/ruby-2.1.0/specifications/activerecord-4.0.1.gemspec
I, [2014-02-15T16:04:28.660039 #2913]  INFO -- : 0:  bcrypt-ruby (3.1.2) from /usr/local/rvm/gems/ruby-2.1.0/specifications/bcrypt-ruby-3.1.2.gemspec
I, [2014-02-15T16:04:28.660460 #2913]  INFO -- : 0:  climate_control (0.0.3) from /usr/local/rvm/gems/ruby-2.1.0/specifications/climate_control-0.0.3.gemspec
I, [2014-02-15T16:04:28.660965 #2913]  INFO -- : 0:  cocaine (0.5.3) from /usr/local/rvm/gems/ruby-2.1.0/specifications/cocaine-0.5.3.gemspec
I, [2014-02-15T16:04:28.661367 #2913]  INFO -- : 0:  coffee-script-source (1.6.3) from /usr/local/rvm/gems/ruby-2.1.0/specifications/coffee-script-source-1.6.3.gemspec
I, [2014-02-15T16:04:28.661756 #2913]  INFO -- : 0:  execjs (2.0.2) from /usr/local/rvm/gems/ruby-2.1.0/specifications/execjs-2.0.2.gemspec
I, [2014-02-15T16:04:28.663869 #2913]  INFO -- : 0:  coffee-script (2.2.0) from /usr/local/rvm/gems/ruby-2.1.0/specifications/coffee-script-2.2.0.gemspec
I, [2014-02-15T16:04:28.664308 #2913]  INFO -- : 0:  thor (0.18.1) from /usr/local/rvm/gems/ruby-2.1.0/specifications/thor-0.18.1.gemspec
I, [2014-02-15T16:04:28.664721 #2913]  INFO -- : 0:  railties (4.0.1) from /usr/local/rvm/gems/ruby-2.1.0/specifications/railties-4.0.1.gemspec
I, [2014-02-15T16:04:28.665246 #2913]  INFO -- : 0:  coffee-rails (4.0.1) from /usr/local/rvm/gems/ruby-2.1.0/specifications/coffee-rails-4.0.1.gemspec
I, [2014-02-15T16:04:28.665648 #2913]  INFO -- : 0:  orm_adapter (0.5.0) from /usr/local/rvm/gems/ruby-2.1.0/specifications/orm_adapter-0.5.0.gemspec
I, [2014-02-15T16:04:28.666170 #2913]  INFO -- : 0:  warden (1.2.3) from /usr/local/rvm/gems/ruby-2.1.0/specifications/warden-1.2.3.gemspec
I, [2014-02-15T16:04:28.666560 #2913]  INFO -- : 0:  devise (3.2.2) from /usr/local/rvm/gems/ruby-2.1.0/specifications/devise-3.2.2.gemspec
I, [2014-02-15T16:04:28.667046 #2913]  INFO -- : 0:  multipart-post (1.2.0) from /usr/local/rvm/gems/ruby-2.1.0/specifications/multipart-post-1.2.0.gemspec
I, [2014-02-15T16:04:28.667430 #2913]  INFO -- : 0:  faraday (0.8.8) from /usr/local/rvm/gems/ruby-2.1.0/specifications/faraday-0.8.8.gemspec
I, [2014-02-15T16:04:28.667911 #2913]  INFO -- : 0:  fattr (2.2.1) from /usr/local/rvm/gems/ruby-2.1.0/specifications/fattr-2.2.1.gemspec
I, [2014-02-15T16:04:28.668304 #2913]  INFO -- : 0:  geocoder (1.1.9) from /usr/local/rvm/gems/ruby-2.1.0/specifications/geocoder-1.1.9.gemspec
I, [2014-02-15T16:04:28.668709 #2913]  INFO -- : 0:  hashie (2.0.5) from /usr/local/rvm/gems/ruby-2.1.0/specifications/hashie-2.0.5.gemspec
I, [2014-02-15T16:04:28.669197 #2913]  INFO -- : 0:  highline (1.6.20) from /usr/local/rvm/gems/ruby-2.1.0/specifications/highline-1.6.20.gemspec
I, [2014-02-15T16:04:28.669593 #2913]  INFO -- : 0:  hike (1.2.3) from /usr/local/rvm/gems/ruby-2.1.0/specifications/hike-1.2.3.gemspec
I, [2014-02-15T16:04:28.670100 #2913]  INFO -- : 0:  httpauth (0.2.0) from /usr/local/rvm/gems/ruby-2.1.0/specifications/httpauth-0.2.0.gemspec
I, [2014-02-15T16:04:28.670485 #2913]  INFO -- : 0:  jbuilder (1.5.3) from /usr/local/rvm/gems/ruby-2.1.0/specifications/jbuilder-1.5.3.gemspec
I, [2014-02-15T16:04:28.670970 #2913]  INFO -- : 0:  jquery-ui-rails (4.1.1) from /usr/local/rvm/gems/ruby-2.1.0/specifications/jquery-ui-rails-4.1.1.gemspec
I, [2014-02-15T16:04:28.671360 #2913]  INFO -- : 0:  uuidtools (2.1.4) from /usr/local/rvm/gems/ruby-2.1.0/specifications/uuidtools-2.1.4.gemspec
I, [2014-02-15T16:04:28.671742 #2913]  INFO -- : 0:  jquery-modal-rails (0.0.4) from /usr/local/rvm/gems/ruby-2.1.0/specifications/jquery-modal-rails-0.0.4.gemspec
I, [2014-02-15T16:04:28.672218 #2913]  INFO -- : 0:  jquery-rails (3.0.4) from /usr/local/rvm/gems/ruby-2.1.0/specifications/jquery-rails-3.0.4.gemspec
I, [2014-02-15T16:04:28.672612 #2913]  INFO -- : 0:  jquery_datepicker (0.4) from /usr/local/rvm/gems/ruby-2.1.0/specifications/jquery_datepicker-0.4.gemspec
I, [2014-02-15T16:04:28.673086 #2913]  INFO -- : 0:  bundler (1.5.0) from /usr/local/rvm/gems/ruby-2.1.0@global/specifications/bundler-1.5.0.gemspec
I, [2014-02-15T16:04:28.673465 #2913]  INFO -- : 0:  tilt (1.4.1) from /usr/local/rvm/gems/ruby-2.1.0/specifications/tilt-1.4.1.gemspec
I, [2014-02-15T16:04:28.673959 #2913]  INFO -- : 0:  sprockets (2.10.1) from /usr/local/rvm/gems/ruby-2.1.0/specifications/sprockets-2.10.1.gemspec
I, [2014-02-15T16:04:28.674378 #2913]  INFO -- : 0:  sprockets-rails (2.0.1) from /usr/local/rvm/gems/ruby-2.1.0/specifications/sprockets-rails-2.0.1.gemspec
I, [2014-02-15T16:04:28.674861 #2913]  INFO -- : 0:  rails (4.0.1) from /usr/local/rvm/gems/ruby-2.1.0/specifications/rails-4.0.1.gemspec
I, [2014-02-15T16:04:28.675259 #2913]  INFO -- : 0:  js-routes (0.9.6) from /usr/local/rvm/gems/ruby-2.1.0/specifications/js-routes-0.9.6.gemspec
I, [2014-02-15T16:04:30.097053 #2913]  INFO -- : 0:  json (1.8.1) from /usr/local/rvm/gems/ruby-2.1.0/specifications/json-1.8.1.gemspec
I, [2014-02-15T16:04:30.098212 #2913]  INFO -- : 0:  jwt (0.1.8) from /usr/local/rvm/gems/ruby-2.1.0/specifications/jwt-0.1.8.gemspec
I, [2014-02-15T16:04:30.098898 #2913]  INFO -- : 0:  kaminari (0.14.1) from /usr/local/rvm/gems/ruby-2.1.0/specifications/kaminari-0.14.1.gemspec
I, [2014-02-15T16:04:30.099628 #2913]  INFO -- : 0:  lazybox (0.2.6) from /usr/local/rvm/gems/ruby-2.1.0/specifications/lazybox-0.2.6.gemspec
I, [2014-02-15T16:04:30.101005 #2913]  INFO -- : 0:  mini_portile (0.5.2) from /usr/local/rvm/gems/ruby-2.1.0/specifications/mini_portile-0.5.2.gemspec
I, [2014-02-15T16:04:30.102579 #2913]  INFO -- : 0:  nokogiri (1.6.1) from /usr/local/rvm/gems/ruby-2.1.0/specifications/nokogiri-1.6.1.gemspec
I, [2014-02-15T16:04:30.103351 #2913]  INFO -- : 0:  oauth2 (0.8.1) from /usr/local/rvm/gems/ruby-2.1.0/specifications/oauth2-0.8.1.gemspec
I, [2014-02-15T16:04:30.104234 #2913]  INFO -- : 0:  omniauth (1.1.4) from /usr/local/rvm/gems/ruby-2.1.0/specifications/omniauth-1.1.4.gemspec
I, [2014-02-15T16:04:30.105028 #2913]  INFO -- : 0:  omniauth-oauth2 (1.1.1) from /usr/local/rvm/gems/ruby-2.1.0/specifications/omniauth-oauth2-1.1.1.gemspec
I, [2014-02-15T16:04:30.106077 #2913]  INFO -- : 0:  omniauth-facebook (1.5.1) from /usr/local/rvm/gems/ruby-2.1.0/specifications/omniauth-facebook-1.5.1.gemspec
I, [2014-02-15T16:04:30.107591 #2913]  INFO -- : 0:  options (2.3.0) from /usr/local/rvm/gems/ruby-2.1.0/specifications/options-2.3.0.gemspec
I, [2014-02-15T16:04:30.108485 #2913]  INFO -- : 0:  owlcarousel-rails (0.1.31) from /usr/local/rvm/gems/ruby-2.1.0/specifications/owlcarousel-rails-0.1.31.gemspec
I, [2014-02-15T16:04:30.109192 #2913]  INFO -- : 0:  paperclip (3.5.2) from /usr/local/rvm/gems/ruby-2.1.0/specifications/paperclip-3.5.2.gemspec
I, [2014-02-15T16:04:30.109889 #2913]  INFO -- : 0:  pr_geohash (1.0.0) from /usr/local/rvm/gems/ruby-2.1.0/specifications/pr_geohash-1.0.0.gemspec
I, [2014-02-15T16:04:30.110629 #2913]  INFO -- : 0:  progress_bar (1.0.0) from /usr/local/rvm/gems/ruby-2.1.0/specifications/progress_bar-1.0.0.gemspec
I, [2014-02-15T16:04:30.111261 #2913]  INFO -- : 0:  rdoc (3.12.2) from /usr/local/rvm/gems/ruby-2.1.0/specifications/rdoc-3.12.2.gemspec
I, [2014-02-15T16:04:30.111847 #2913]  INFO -- : 0:  rsolr (1.0.9) from /usr/local/rvm/gems/ruby-2.1.0/specifications/rsolr-1.0.9.gemspec
I, [2014-02-15T16:04:30.112362 #2913]  INFO -- : 0:  sass (3.2.13) from /usr/local/rvm/gems/ruby-2.1.0/specifications/sass-3.2.13.gemspec
I, [2014-02-15T16:04:30.113033 #2913]  INFO -- : 0:  sass-rails (4.0.1) from /usr/local/rvm/gems/ruby-2.1.0/specifications/sass-rails-4.0.1.gemspec
I, [2014-02-15T16:04:30.113601 #2913]  INFO -- : 0:  sdoc (0.3.20) from /usr/local/rvm/gems/ruby-2.1.0/specifications/sdoc-0.3.20.gemspec
I, [2014-02-15T16:04:30.114157 #2913]  INFO -- : 0:  shoulda-context (1.1.6) from /usr/local/rvm/gems/ruby-2.1.0/specifications/shoulda-context-1.1.6.gemspec
I, [2014-02-15T16:04:30.114625 #2913]  INFO -- : 0:  shoulda-matchers (2.4.0) from /usr/local/rvm/gems/ruby-2.1.0/specifications/shoulda-matchers-2.4.0.gemspec
I, [2014-02-15T16:04:30.115201 #2913]  INFO -- : 0:  shoulda (3.5.0) from /usr/local/rvm/gems/ruby-2.1.0/specifications/shoulda-3.5.0.gemspec
I, [2014-02-15T16:04:30.115678 #2913]  INFO -- : 0:  sorted (1.0.0) from /usr/local/rvm/gems/ruby-2.1.0/specifications/sorted-1.0.0.gemspec
I, [2014-02-15T16:04:30.116245 #2913]  INFO -- : 0:  sqlite3 (1.3.8) from /usr/local/rvm/gems/ruby-2.1.0/specifications/sqlite3-1.3.8.gemspec
I, [2014-02-15T16:04:30.116941 #2913]  INFO -- : 0:  stringex (2.1.2) from /usr/local/rvm/gems/ruby-2.1.0/specifications/stringex-2.1.2.gemspec
I, [2014-02-15T16:04:30.117524 #2913]  INFO -- : 0:  sunspot (2.1.0) from /usr/local/rvm/gems/ruby-2.1.0/specifications/sunspot-2.1.0.gemspec
I, [2014-02-15T16:04:30.118391 #2913]  INFO -- : 0:  sunspot_rails (2.1.0) from /usr/local/rvm/gems/ruby-2.1.0/specifications/sunspot_rails-2.1.0.gemspec
I, [2014-02-15T16:04:30.119117 #2913]  INFO -- : 0:  sunspot_solr (2.1.0) from /usr/local/rvm/gems/ruby-2.1.0/specifications/sunspot_solr-2.1.0.gemspec
I, [2014-02-15T16:04:30.119708 #2913]  INFO -- : 0:  turbolinks (2.1.0) from /usr/local/rvm/gems/ruby-2.1.0/specifications/turbolinks-2.1.0.gemspec
I, [2014-02-15T16:04:30.120447 #2913]  INFO -- : 0:  uglifier (2.4.0) from /usr/local/rvm/gems/ruby-2.1.0/specifications/uglifier-2.4.0.gemspec
I, [2014-02-15T16:18:02.426223 #1613]  INFO -- : 0:  rake (10.1.1) from /usr/local/rvm/gems/ruby-2.1.0/specifications/rake-10.1.1.gemspec
I, [2014-02-15T16:18:02.437248 #1613]  INFO -- : 0:  i18n (0.6.9) from /usr/local/rvm/gems/ruby-2.1.0/specifications/i18n-0.6.9.gemspec
I, [2014-02-15T16:18:02.526594 #1613]  INFO -- : 0:  minitest (4.7.5) from /usr/local/rvm/gems/ruby-2.1.0/specifications/minitest-4.7.5.gemspec
I, [2014-02-15T16:18:02.527060 #1613]  INFO -- : 0:  multi_json (1.8.2) from /usr/local/rvm/gems/ruby-2.1.0/specifications/multi_json-1.8.2.gemspec
I, [2014-02-15T16:18:02.527617 #1613]  INFO -- : 0:  atomic (1.1.14) from /usr/local/rvm/gems/ruby-2.1.0/specifications/atomic-1.1.14.gemspec
I, [2014-02-15T16:18:02.528037 #1613]  INFO -- : 0:  thread_safe (0.1.3) from /usr/local/rvm/gems/ruby-2.1.0/specifications/thread_safe-0.1.3.gemspec
I, [2014-02-15T16:18:02.528572 #1613]  INFO -- : 0:  tzinfo (0.3.38) from /usr/local/rvm/gems/ruby-2.1.0/specifications/tzinfo-0.3.38.gemspec
I, [2014-02-15T16:18:02.528987 #1613]  INFO -- : 0:  activesupport (4.0.1) from /usr/local/rvm/gems/ruby-2.1.0/specifications/activesupport-4.0.1.gemspec
I, [2014-02-15T16:18:02.529532 #1613]  INFO -- : 0:  builder (3.1.4) from /usr/local/rvm/gems/ruby-2.1.0/specifications/builder-3.1.4.gemspec
I, [2014-02-15T16:18:02.529941 #1613]  INFO -- : 0:  erubis (2.7.0) from /usr/local/rvm/gems/ruby-2.1.0/specifications/erubis-2.7.0.gemspec
I, [2014-02-15T16:18:02.530464 #1613]  INFO -- : 0:  rack (1.5.2) from /usr/local/rvm/gems/ruby-2.1.0/specifications/rack-1.5.2.gemspec
I, [2014-02-15T16:18:02.530872 #1613]  INFO -- : 0:  rack-test (0.6.2) from /usr/local/rvm/gems/ruby-2.1.0/specifications/rack-test-0.6.2.gemspec
I, [2014-02-15T16:18:02.531403 #1613]  INFO -- : 0:  actionpack (4.0.1) from /usr/local/rvm/gems/ruby-2.1.0/specifications/actionpack-4.0.1.gemspec
I, [2014-02-15T16:18:02.531815 #1613]  INFO -- : 0:  mime-types (1.25.1) from /usr/local/rvm/gems/ruby-2.1.0/specifications/mime-types-1.25.1.gemspec
I, [2014-02-15T16:18:02.532216 #1613]  INFO -- : 0:  polyglot (0.3.3) from /usr/local/rvm/gems/ruby-2.1.0/specifications/polyglot-0.3.3.gemspec
I, [2014-02-15T16:18:02.532737 #1613]  INFO -- : 0:  treetop (1.4.15) from /usr/local/rvm/gems/ruby-2.1.0/specifications/treetop-1.4.15.gemspec
I, [2014-02-15T16:18:02.533140 #1613]  INFO -- : 0:  mail (2.5.4) from /usr/local/rvm/gems/ruby-2.1.0/specifications/mail-2.5.4.gemspec
I, [2014-02-15T16:18:02.533682 #1613]  INFO -- : 0:  actionmailer (4.0.1) from /usr/local/rvm/gems/ruby-2.1.0/specifications/actionmailer-4.0.1.gemspec
I, [2014-02-15T16:18:02.534089 #1613]  INFO -- : 0:  activemodel (4.0.1) from /usr/local/rvm/gems/ruby-2.1.0/specifications/activemodel-4.0.1.gemspec
I, [2014-02-15T16:18:02.534628 #1613]  INFO -- : 0:  activerecord-deprecated_finders (1.0.3) from /usr/local/rvm/gems/ruby-2.1.0/specifications/activerecord-deprecated_finders-1.0.3.gemspec
I, [2014-02-15T16:18:02.535034 #1613]  INFO -- : 0:  arel (4.0.1) from /usr/local/rvm/gems/ruby-2.1.0/specifications/arel-4.0.1.gemspec
I, [2014-02-15T16:18:02.535572 #1613]  INFO -- : 0:  activerecord (4.0.1) from /usr/local/rvm/gems/ruby-2.1.0/specifications/activerecord-4.0.1.gemspec
I, [2014-02-15T16:18:02.535978 #1613]  INFO -- : 0:  bcrypt-ruby (3.1.2) from /usr/local/rvm/gems/ruby-2.1.0/specifications/bcrypt-ruby-3.1.2.gemspec
I, [2014-02-15T16:18:02.536508 #1613]  INFO -- : 0:  climate_control (0.0.3) from /usr/local/rvm/gems/ruby-2.1.0/specifications/climate_control-0.0.3.gemspec
I, [2014-02-15T16:18:02.536914 #1613]  INFO -- : 0:  cocaine (0.5.3) from /usr/local/rvm/gems/ruby-2.1.0/specifications/cocaine-0.5.3.gemspec
I, [2014-02-15T16:18:02.537415 #1613]  INFO -- : 0:  coffee-script-source (1.6.3) from /usr/local/rvm/gems/ruby-2.1.0/specifications/coffee-script-source-1.6.3.gemspec
I, [2014-02-15T16:18:02.537830 #1613]  INFO -- : 0:  execjs (2.0.2) from /usr/local/rvm/gems/ruby-2.1.0/specifications/execjs-2.0.2.gemspec
I, [2014-02-15T16:18:02.546484 #1613]  INFO -- : 0:  coffee-script (2.2.0) from /usr/local/rvm/gems/ruby-2.1.0/specifications/coffee-script-2.2.0.gemspec
I, [2014-02-15T16:18:02.546878 #1613]  INFO -- : 0:  thor (0.18.1) from /usr/local/rvm/gems/ruby-2.1.0/specifications/thor-0.18.1.gemspec
I, [2014-02-15T16:18:02.547367 #1613]  INFO -- : 0:  railties (4.0.1) from /usr/local/rvm/gems/ruby-2.1.0/specifications/railties-4.0.1.gemspec
I, [2014-02-15T16:18:02.547770 #1613]  INFO -- : 0:  coffee-rails (4.0.1) from /usr/local/rvm/gems/ruby-2.1.0/specifications/coffee-rails-4.0.1.gemspec
I, [2014-02-15T16:18:02.548187 #1613]  INFO -- : 0:  orm_adapter (0.5.0) from /usr/local/rvm/gems/ruby-2.1.0/specifications/orm_adapter-0.5.0.gemspec
I, [2014-02-15T16:18:02.548687 #1613]  INFO -- : 0:  warden (1.2.3) from /usr/local/rvm/gems/ruby-2.1.0/specifications/warden-1.2.3.gemspec
I, [2014-02-15T16:18:02.549096 #1613]  INFO -- : 0:  devise (3.2.2) from /usr/local/rvm/gems/ruby-2.1.0/specifications/devise-3.2.2.gemspec
I, [2014-02-15T16:18:02.549603 #1613]  INFO -- : 0:  multipart-post (1.2.0) from /usr/local/rvm/gems/ruby-2.1.0/specifications/multipart-post-1.2.0.gemspec
I, [2014-02-15T16:18:02.550019 #1613]  INFO -- : 0:  faraday (0.8.8) from /usr/local/rvm/gems/ruby-2.1.0/specifications/faraday-0.8.8.gemspec
I, [2014-02-15T16:18:02.550528 #1613]  INFO -- : 0:  fattr (2.2.1) from /usr/local/rvm/gems/ruby-2.1.0/specifications/fattr-2.2.1.gemspec
I, [2014-02-15T16:18:02.550925 #1613]  INFO -- : 0:  geocoder (1.1.9) from /usr/local/rvm/gems/ruby-2.1.0/specifications/geocoder-1.1.9.gemspec
I, [2014-02-15T16:18:02.551425 #1613]  INFO -- : 0:  hashie (2.0.5) from /usr/local/rvm/gems/ruby-2.1.0/specifications/hashie-2.0.5.gemspec
I, [2014-02-15T16:18:02.551835 #1613]  INFO -- : 0:  highline (1.6.20) from /usr/local/rvm/gems/ruby-2.1.0/specifications/highline-1.6.20.gemspec
I, [2014-02-15T16:18:02.552227 #1613]  INFO -- : 0:  hike (1.2.3) from /usr/local/rvm/gems/ruby-2.1.0/specifications/hike-1.2.3.gemspec
I, [2014-02-15T16:18:02.552722 #1613]  INFO -- : 0:  httpauth (0.2.0) from /usr/local/rvm/gems/ruby-2.1.0/specifications/httpauth-0.2.0.gemspec
I, [2014-02-15T16:18:02.553118 #1613]  INFO -- : 0:  jbuilder (1.5.3) from /usr/local/rvm/gems/ruby-2.1.0/specifications/jbuilder-1.5.3.gemspec
I, [2014-02-15T16:18:02.553627 #1613]  INFO -- : 0:  jquery-ui-rails (4.1.1) from /usr/local/rvm/gems/ruby-2.1.0/specifications/jquery-ui-rails-4.1.1.gemspec
I, [2014-02-15T16:18:02.554030 #1613]  INFO -- : 0:  uuidtools (2.1.4) from /usr/local/rvm/gems/ruby-2.1.0/specifications/uuidtools-2.1.4.gemspec
I, [2014-02-15T16:18:02.554528 #1613]  INFO -- : 0:  jquery-modal-rails (0.0.4) from /usr/local/rvm/gems/ruby-2.1.0/specifications/jquery-modal-rails-0.0.4.gemspec
I, [2014-02-15T16:18:02.554920 #1613]  INFO -- : 0:  jquery-rails (3.0.4) from /usr/local/rvm/gems/ruby-2.1.0/specifications/jquery-rails-3.0.4.gemspec
I, [2014-02-15T16:18:02.555405 #1613]  INFO -- : 0:  jquery_datepicker (0.4) from /usr/local/rvm/gems/ruby-2.1.0/specifications/jquery_datepicker-0.4.gemspec
I, [2014-02-15T16:18:02.555795 #1613]  INFO -- : 0:  bundler (1.5.0) from /usr/local/rvm/gems/ruby-2.1.0@global/specifications/bundler-1.5.0.gemspec
I, [2014-02-15T16:18:02.556186 #1613]  INFO -- : 0:  tilt (1.4.1) from /usr/local/rvm/gems/ruby-2.1.0/specifications/tilt-1.4.1.gemspec
I, [2014-02-15T16:18:02.556681 #1613]  INFO -- : 0:  sprockets (2.10.1) from /usr/local/rvm/gems/ruby-2.1.0/specifications/sprockets-2.10.1.gemspec
I, [2014-02-15T16:18:02.557080 #1613]  INFO -- : 0:  sprockets-rails (2.0.1) from /usr/local/rvm/gems/ruby-2.1.0/specifications/sprockets-rails-2.0.1.gemspec
I, [2014-02-15T16:18:02.557588 #1613]  INFO -- : 0:  rails (4.0.1) from /usr/local/rvm/gems/ruby-2.1.0/specifications/rails-4.0.1.gemspec
I, [2014-02-15T16:18:02.557986 #1613]  INFO -- : 0:  js-routes (0.9.6) from /usr/local/rvm/gems/ruby-2.1.0/specifications/js-routes-0.9.6.gemspec
I, [2014-02-15T16:18:04.785045 #1613]  INFO -- : 0:  json (1.8.1) from /usr/local/rvm/gems/ruby-2.1.0/specifications/json-1.8.1.gemspec
I, [2014-02-15T16:18:04.786242 #1613]  INFO -- : 0:  jwt (0.1.8) from /usr/local/rvm/gems/ruby-2.1.0/specifications/jwt-0.1.8.gemspec
I, [2014-02-15T16:18:04.787020 #1613]  INFO -- : 0:  kaminari (0.14.1) from /usr/local/rvm/gems/ruby-2.1.0/specifications/kaminari-0.14.1.gemspec
I, [2014-02-15T16:18:04.787710 #1613]  INFO -- : 0:  lazybox (0.2.6) from /usr/local/rvm/gems/ruby-2.1.0/specifications/lazybox-0.2.6.gemspec
I, [2014-02-15T16:18:04.788431 #1613]  INFO -- : 0:  mini_portile (0.5.2) from /usr/local/rvm/gems/ruby-2.1.0/specifications/mini_portile-0.5.2.gemspec
I, [2014-02-15T16:18:04.789042 #1613]  INFO -- : 0:  nokogiri (1.6.1) from /usr/local/rvm/gems/ruby-2.1.0/specifications/nokogiri-1.6.1.gemspec
I, [2014-02-15T16:18:04.798979 #1613]  INFO -- : 0:  oauth2 (0.8.1) from /usr/local/rvm/gems/ruby-2.1.0/specifications/oauth2-0.8.1.gemspec
I, [2014-02-15T16:18:04.799596 #1613]  INFO -- : 0:  omniauth (1.1.4) from /usr/local/rvm/gems/ruby-2.1.0/specifications/omniauth-1.1.4.gemspec
I, [2014-02-15T16:18:04.800103 #1613]  INFO -- : 0:  omniauth-oauth2 (1.1.1) from /usr/local/rvm/gems/ruby-2.1.0/specifications/omniauth-oauth2-1.1.1.gemspec
I, [2014-02-15T16:18:04.800645 #1613]  INFO -- : 0:  omniauth-facebook (1.5.1) from /usr/local/rvm/gems/ruby-2.1.0/specifications/omniauth-facebook-1.5.1.gemspec
I, [2014-02-15T16:18:04.801114 #1613]  INFO -- : 0:  options (2.3.0) from /usr/local/rvm/gems/ruby-2.1.0/specifications/options-2.3.0.gemspec
I, [2014-02-15T16:18:04.801713 #1613]  INFO -- : 0:  owlcarousel-rails (0.1.31) from /usr/local/rvm/gems/ruby-2.1.0/specifications/owlcarousel-rails-0.1.31.gemspec
I, [2014-02-15T16:18:04.802158 #1613]  INFO -- : 0:  paperclip (3.5.2) from /usr/local/rvm/gems/ruby-2.1.0/specifications/paperclip-3.5.2.gemspec
I, [2014-02-15T16:18:04.802738 #1613]  INFO -- : 0:  pr_geohash (1.0.0) from /usr/local/rvm/gems/ruby-2.1.0/specifications/pr_geohash-1.0.0.gemspec
I, [2014-02-15T16:18:04.803190 #1613]  INFO -- : 0:  progress_bar (1.0.0) from /usr/local/rvm/gems/ruby-2.1.0/specifications/progress_bar-1.0.0.gemspec
I, [2014-02-15T16:18:04.803740 #1613]  INFO -- : 0:  rdoc (3.12.2) from /usr/local/rvm/gems/ruby-2.1.0/specifications/rdoc-3.12.2.gemspec
I, [2014-02-15T16:18:04.804180 #1613]  INFO -- : 0:  rsolr (1.0.9) from /usr/local/rvm/gems/ruby-2.1.0/specifications/rsolr-1.0.9.gemspec
I, [2014-02-15T16:18:04.804745 #1613]  INFO -- : 0:  sass (3.2.13) from /usr/local/rvm/gems/ruby-2.1.0/specifications/sass-3.2.13.gemspec
I, [2014-02-15T16:18:04.805199 #1613]  INFO -- : 0:  sass-rails (4.0.1) from /usr/local/rvm/gems/ruby-2.1.0/specifications/sass-rails-4.0.1.gemspec
I, [2014-02-15T16:18:04.805762 #1613]  INFO -- : 0:  sdoc (0.3.20) from /usr/local/rvm/gems/ruby-2.1.0/specifications/sdoc-0.3.20.gemspec
I, [2014-02-15T16:18:04.806208 #1613]  INFO -- : 0:  shoulda-context (1.1.6) from /usr/local/rvm/gems/ruby-2.1.0/specifications/shoulda-context-1.1.6.gemspec
I, [2014-02-15T16:18:04.806707 #1613]  INFO -- : 0:  shoulda-matchers (2.4.0) from /usr/local/rvm/gems/ruby-2.1.0/specifications/shoulda-matchers-2.4.0.gemspec
I, [2014-02-15T16:18:04.807135 #1613]  INFO -- : 0:  shoulda (3.5.0) from /usr/local/rvm/gems/ruby-2.1.0/specifications/shoulda-3.5.0.gemspec
I, [2014-02-15T16:18:04.807669 #1613]  INFO -- : 0:  sorted (1.0.0) from /usr/local/rvm/gems/ruby-2.1.0/specifications/sorted-1.0.0.gemspec
I, [2014-02-15T16:18:04.808112 #1613]  INFO -- : 0:  sqlite3 (1.3.8) from /usr/local/rvm/gems/ruby-2.1.0/specifications/sqlite3-1.3.8.gemspec
I, [2014-02-15T16:18:04.808638 #1613]  INFO -- : 0:  stringex (2.1.2) from /usr/local/rvm/gems/ruby-2.1.0/specifications/stringex-2.1.2.gemspec
I, [2014-02-15T16:18:06.803326 #1613]  INFO -- : 0:  sunspot (2.1.0) from /usr/local/rvm/gems/ruby-2.1.0/specifications/sunspot-2.1.0.gemspec
I, [2014-02-15T16:18:08.664419 #1613]  INFO -- : 0:  sunspot_rails (2.1.0) from /usr/local/rvm/gems/ruby-2.1.0/specifications/sunspot_rails-2.1.0.gemspec
I, [2014-02-15T16:18:20.947329 #1613]  INFO -- : 0:  sunspot_solr (2.1.0) from /usr/local/rvm/gems/ruby-2.1.0/specifications/sunspot_solr-2.1.0.gemspec
I, [2014-02-15T16:18:20.947841 #1613]  INFO -- : 0:  turbolinks (2.1.0) from /usr/local/rvm/gems/ruby-2.1.0/specifications/turbolinks-2.1.0.gemspec
I, [2014-02-15T16:18:20.948242 #1613]  INFO -- : 0:  uglifier (2.4.0) from /usr/local/rvm/gems/ruby-2.1.0/specifications/uglifier-2.4.0.gemspec
I, [2014-02-16T04:24:21.731986 #22134]  INFO -- : 0:  rake (10.1.1) from /usr/local/rvm/gems/ruby-2.1.0/specifications/rake-10.1.1.gemspec
I, [2014-02-16T04:24:21.743289 #22134]  INFO -- : 0:  i18n (0.6.9) from /usr/local/rvm/gems/ruby-2.1.0/specifications/i18n-0.6.9.gemspec
I, [2014-02-16T04:24:21.855439 #22134]  INFO -- : 0:  minitest (4.7.5) from /usr/local/rvm/gems/ruby-2.1.0/specifications/minitest-4.7.5.gemspec
I, [2014-02-16T04:24:21.856072 #22134]  INFO -- : 0:  multi_json (1.8.2) from /usr/local/rvm/gems/ruby-2.1.0/specifications/multi_json-1.8.2.gemspec
I, [2014-02-16T04:24:21.856612 #22134]  INFO -- : 0:  atomic (1.1.14) from /usr/local/rvm/gems/ruby-2.1.0/specifications/atomic-1.1.14.gemspec
I, [2014-02-16T04:24:21.857012 #22134]  INFO -- : 0:  thread_safe (0.1.3) from /usr/local/rvm/gems/ruby-2.1.0/specifications/thread_safe-0.1.3.gemspec
I, [2014-02-16T04:24:21.857413 #22134]  INFO -- : 0:  tzinfo (0.3.38) from /usr/local/rvm/gems/ruby-2.1.0/specifications/tzinfo-0.3.38.gemspec
I, [2014-02-16T04:24:21.857944 #22134]  INFO -- : 0:  activesupport (4.0.1) from /usr/local/rvm/gems/ruby-2.1.0/specifications/activesupport-4.0.1.gemspec
I, [2014-02-16T04:24:21.858353 #22134]  INFO -- : 0:  builder (3.1.4) from /usr/local/rvm/gems/ruby-2.1.0/specifications/builder-3.1.4.gemspec
I, [2014-02-16T04:24:21.858876 #22134]  INFO -- : 0:  erubis (2.7.0) from /usr/local/rvm/gems/ruby-2.1.0/specifications/erubis-2.7.0.gemspec
I, [2014-02-16T04:24:21.859281 #22134]  INFO -- : 0:  rack (1.5.2) from /usr/local/rvm/gems/ruby-2.1.0/specifications/rack-1.5.2.gemspec
I, [2014-02-16T04:24:21.859780 #22134]  INFO -- : 0:  rack-test (0.6.2) from /usr/local/rvm/gems/ruby-2.1.0/specifications/rack-test-0.6.2.gemspec
I, [2014-02-16T04:24:21.860191 #22134]  INFO -- : 0:  actionpack (4.0.1) from /usr/local/rvm/gems/ruby-2.1.0/specifications/actionpack-4.0.1.gemspec
I, [2014-02-16T04:24:21.860710 #22134]  INFO -- : 0:  mime-types (1.25.1) from /usr/local/rvm/gems/ruby-2.1.0/specifications/mime-types-1.25.1.gemspec
I, [2014-02-16T04:24:21.861104 #22134]  INFO -- : 0:  polyglot (0.3.3) from /usr/local/rvm/gems/ruby-2.1.0/specifications/polyglot-0.3.3.gemspec
I, [2014-02-16T04:24:21.861608 #22134]  INFO -- : 0:  treetop (1.4.15) from /usr/local/rvm/gems/ruby-2.1.0/specifications/treetop-1.4.15.gemspec
I, [2014-02-16T04:24:21.862007 #22134]  INFO -- : 0:  mail (2.5.4) from /usr/local/rvm/gems/ruby-2.1.0/specifications/mail-2.5.4.gemspec
I, [2014-02-16T04:24:21.862410 #22134]  INFO -- : 0:  actionmailer (4.0.1) from /usr/local/rvm/gems/ruby-2.1.0/specifications/actionmailer-4.0.1.gemspec
I, [2014-02-16T04:24:21.862928 #22134]  INFO -- : 0:  activemodel (4.0.1) from /usr/local/rvm/gems/ruby-2.1.0/specifications/activemodel-4.0.1.gemspec
I, [2014-02-16T04:24:21.863324 #22134]  INFO -- : 0:  activerecord-deprecated_finders (1.0.3) from /usr/local/rvm/gems/ruby-2.1.0/specifications/activerecord-deprecated_finders-1.0.3.gemspec
I, [2014-02-16T04:24:21.863844 #22134]  INFO -- : 0:  arel (4.0.1) from /usr/local/rvm/gems/ruby-2.1.0/specifications/arel-4.0.1.gemspec
I, [2014-02-16T04:24:21.864244 #22134]  INFO -- : 0:  activerecord (4.0.1) from /usr/local/rvm/gems/ruby-2.1.0/specifications/activerecord-4.0.1.gemspec
I, [2014-02-16T04:24:21.864757 #22134]  INFO -- : 0:  bcrypt-ruby (3.1.2) from /usr/local/rvm/gems/ruby-2.1.0/specifications/bcrypt-ruby-3.1.2.gemspec
I, [2014-02-16T04:24:21.865147 #22134]  INFO -- : 0:  bundler (1.5.0) from /usr/local/rvm/gems/ruby-2.1.0@global/specifications/bundler-1.5.0.gemspec
I, [2014-02-16T04:24:21.865632 #22134]  INFO -- : 0:  climate_control (0.0.3) from /usr/local/rvm/gems/ruby-2.1.0/specifications/climate_control-0.0.3.gemspec
I, [2014-02-16T04:24:21.866045 #22134]  INFO -- : 0:  cocaine (0.5.3) from /usr/local/rvm/gems/ruby-2.1.0/specifications/cocaine-0.5.3.gemspec
I, [2014-02-16T04:24:21.866443 #22134]  INFO -- : 0:  coffee-script-source (1.6.3) from /usr/local/rvm/gems/ruby-2.1.0/specifications/coffee-script-source-1.6.3.gemspec
I, [2014-02-16T04:24:21.866934 #22134]  INFO -- : 0:  execjs (2.0.2) from /usr/local/rvm/gems/ruby-2.1.0/specifications/execjs-2.0.2.gemspec
I, [2014-02-16T04:24:21.867323 #22134]  INFO -- : 0:  coffee-script (2.2.0) from /usr/local/rvm/gems/ruby-2.1.0/specifications/coffee-script-2.2.0.gemspec
I, [2014-02-16T04:24:21.867828 #22134]  INFO -- : 0:  thor (0.18.1) from /usr/local/rvm/gems/ruby-2.1.0/specifications/thor-0.18.1.gemspec
I, [2014-02-16T04:24:21.868212 #22134]  INFO -- : 0:  railties (4.0.1) from /usr/local/rvm/gems/ruby-2.1.0/specifications/railties-4.0.1.gemspec
I, [2014-02-16T04:24:21.868704 #22134]  INFO -- : 0:  coffee-rails (4.0.1) from /usr/local/rvm/gems/ruby-2.1.0/specifications/coffee-rails-4.0.1.gemspec
I, [2014-02-16T04:24:21.869096 #22134]  INFO -- : 0:  orm_adapter (0.5.0) from /usr/local/rvm/gems/ruby-2.1.0/specifications/orm_adapter-0.5.0.gemspec
I, [2014-02-16T04:24:21.869572 #22134]  INFO -- : 0:  warden (1.2.3) from /usr/local/rvm/gems/ruby-2.1.0/specifications/warden-1.2.3.gemspec
I, [2014-02-16T04:24:21.869979 #22134]  INFO -- : 0:  devise (3.2.2) from /usr/local/rvm/gems/ruby-2.1.0/specifications/devise-3.2.2.gemspec
I, [2014-02-16T04:24:21.870383 #22134]  INFO -- : 0:  multipart-post (1.2.0) from /usr/local/rvm/gems/ruby-2.1.0/specifications/multipart-post-1.2.0.gemspec
I, [2014-02-16T04:24:21.870857 #22134]  INFO -- : 0:  faraday (0.8.8) from /usr/local/rvm/gems/ruby-2.1.0/specifications/faraday-0.8.8.gemspec
I, [2014-02-16T04:24:21.871257 #22134]  INFO -- : 0:  fattr (2.2.1) from /usr/local/rvm/gems/ruby-2.1.0/specifications/fattr-2.2.1.gemspec
I, [2014-02-16T04:24:21.871745 #22134]  INFO -- : 0:  geocoder (1.1.9) from /usr/local/rvm/gems/ruby-2.1.0/specifications/geocoder-1.1.9.gemspec
I, [2014-02-16T04:24:21.872142 #22134]  INFO -- : 0:  hashie (2.0.5) from /usr/local/rvm/gems/ruby-2.1.0/specifications/hashie-2.0.5.gemspec
I, [2014-02-16T04:24:21.872620 #22134]  INFO -- : 0:  highline (1.6.20) from /usr/local/rvm/gems/ruby-2.1.0/specifications/highline-1.6.20.gemspec
I, [2014-02-16T04:24:21.873027 #22134]  INFO -- : 0:  hike (1.2.3) from /usr/local/rvm/gems/ruby-2.1.0/specifications/hike-1.2.3.gemspec
I, [2014-02-16T04:24:21.873410 #22134]  INFO -- : 0:  httpauth (0.2.0) from /usr/local/rvm/gems/ruby-2.1.0/specifications/httpauth-0.2.0.gemspec
I, [2014-02-16T04:24:21.873896 #22134]  INFO -- : 0:  jbuilder (1.5.3) from /usr/local/rvm/gems/ruby-2.1.0/specifications/jbuilder-1.5.3.gemspec
I, [2014-02-16T04:24:21.874295 #22134]  INFO -- : 0:  jquery-ui-rails (4.1.1) from /usr/local/rvm/gems/ruby-2.1.0/specifications/jquery-ui-rails-4.1.1.gemspec
I, [2014-02-16T04:24:21.874783 #22134]  INFO -- : 0:  uuidtools (2.1.4) from /usr/local/rvm/gems/ruby-2.1.0/specifications/uuidtools-2.1.4.gemspec
I, [2014-02-16T04:24:21.875183 #22134]  INFO -- : 0:  jquery-modal-rails (0.0.4) from /usr/local/rvm/gems/ruby-2.1.0/specifications/jquery-modal-rails-0.0.4.gemspec
I, [2014-02-16T04:24:21.875681 #22134]  INFO -- : 0:  jquery-rails (3.0.4) from /usr/local/rvm/gems/ruby-2.1.0/specifications/jquery-rails-3.0.4.gemspec
I, [2014-02-16T04:24:21.876075 #22134]  INFO -- : 0:  jquery_datepicker (0.4) from /usr/local/rvm/gems/ruby-2.1.0/specifications/jquery_datepicker-0.4.gemspec
I, [2014-02-16T04:24:21.876560 #22134]  INFO -- : 0:  tilt (1.4.1) from /usr/local/rvm/gems/ruby-2.1.0/specifications/tilt-1.4.1.gemspec
I, [2014-02-16T04:24:21.876955 #22134]  INFO -- : 0:  sprockets (2.10.1) from /usr/local/rvm/gems/ruby-2.1.0/specifications/sprockets-2.10.1.gemspec
I, [2014-02-16T04:24:21.877346 #22134]  INFO -- : 0:  sprockets-rails (2.0.1) from /usr/local/rvm/gems/ruby-2.1.0/specifications/sprockets-rails-2.0.1.gemspec
I, [2014-02-16T04:24:21.877842 #22134]  INFO -- : 0:  rails (4.0.1) from /usr/local/rvm/gems/ruby-2.1.0/specifications/rails-4.0.1.gemspec
I, [2014-02-16T04:24:21.878259 #22134]  INFO -- : 0:  js-routes (0.9.6) from /usr/local/rvm/gems/ruby-2.1.0/specifications/js-routes-0.9.6.gemspec
I, [2014-02-16T04:24:24.250426 #22134]  INFO -- : 0:  json (1.8.1) from /usr/local/rvm/gems/ruby-2.1.0/specifications/json-1.8.1.gemspec
I, [2014-02-16T04:24:24.251594 #22134]  INFO -- : 0:  jwt (0.1.8) from /usr/local/rvm/gems/ruby-2.1.0/specifications/jwt-0.1.8.gemspec
I, [2014-02-16T04:24:24.252101 #22134]  INFO -- : 0:  kaminari (0.14.1) from /usr/local/rvm/gems/ruby-2.1.0/specifications/kaminari-0.14.1.gemspec
I, [2014-02-16T04:24:24.252709 #22134]  INFO -- : 0:  lazybox (0.2.6) from /usr/local/rvm/gems/ruby-2.1.0/specifications/lazybox-0.2.6.gemspec
I, [2014-02-16T04:24:24.253203 #22134]  INFO -- : 0:  mini_portile (0.5.2) from /usr/local/rvm/gems/ruby-2.1.0/specifications/mini_portile-0.5.2.gemspec
I, [2014-02-16T04:24:24.253786 #22134]  INFO -- : 0:  nokogiri (1.6.1) from /usr/local/rvm/gems/ruby-2.1.0/specifications/nokogiri-1.6.1.gemspec
I, [2014-02-16T04:24:24.254283 #22134]  INFO -- : 0:  oauth2 (0.8.1) from /usr/local/rvm/gems/ruby-2.1.0/specifications/oauth2-0.8.1.gemspec
I, [2014-02-16T04:24:24.254838 #22134]  INFO -- : 0:  omniauth (1.1.4) from /usr/local/rvm/gems/ruby-2.1.0/specifications/omniauth-1.1.4.gemspec
I, [2014-02-16T04:24:24.255334 #22134]  INFO -- : 0:  omniauth-oauth2 (1.1.1) from /usr/local/rvm/gems/ruby-2.1.0/specifications/omniauth-oauth2-1.1.1.gemspec
I, [2014-02-16T04:24:24.255953 #22134]  INFO -- : 0:  omniauth-facebook (1.5.1) from /usr/local/rvm/gems/ruby-2.1.0/specifications/omniauth-facebook-1.5.1.gemspec
I, [2014-02-16T04:24:24.256430 #22134]  INFO -- : 0:  options (2.3.0) from /usr/local/rvm/gems/ruby-2.1.0/specifications/options-2.3.0.gemspec
I, [2014-02-16T04:24:24.257036 #22134]  INFO -- : 0:  owlcarousel-rails (0.1.31) from /usr/local/rvm/gems/ruby-2.1.0/specifications/owlcarousel-rails-0.1.31.gemspec
I, [2014-02-16T04:24:24.257625 #22134]  INFO -- : 0:  paperclip (3.5.2) from /usr/local/rvm/gems/ruby-2.1.0/specifications/paperclip-3.5.2.gemspec
I, [2014-02-16T04:24:24.258120 #22134]  INFO -- : 0:  pr_geohash (1.0.0) from /usr/local/rvm/gems/ruby-2.1.0/specifications/pr_geohash-1.0.0.gemspec
I, [2014-02-16T04:24:24.258654 #22134]  INFO -- : 0:  progress_bar (1.0.0) from /usr/local/rvm/gems/ruby-2.1.0/specifications/progress_bar-1.0.0.gemspec
I, [2014-02-16T04:24:24.259124 #22134]  INFO -- : 0:  rdoc (3.12.2) from /usr/local/rvm/gems/ruby-2.1.0/specifications/rdoc-3.12.2.gemspec
I, [2014-02-16T04:24:24.259728 #22134]  INFO -- : 0:  rsolr (1.0.9) from /usr/local/rvm/gems/ruby-2.1.0/specifications/rsolr-1.0.9.gemspec
I, [2014-02-16T04:24:24.260192 #22134]  INFO -- : 0:  sass (3.2.13) from /usr/local/rvm/gems/ruby-2.1.0/specifications/sass-3.2.13.gemspec
I, [2014-02-16T04:24:24.260729 #22134]  INFO -- : 0:  sass-rails (4.0.1) from /usr/local/rvm/gems/ruby-2.1.0/specifications/sass-rails-4.0.1.gemspec
I, [2014-02-16T04:24:24.261191 #22134]  INFO -- : 0:  sdoc (0.3.20) from /usr/local/rvm/gems/ruby-2.1.0/specifications/sdoc-0.3.20.gemspec
I, [2014-02-16T04:24:24.261711 #22134]  INFO -- : 0:  shoulda-context (1.1.6) from /usr/local/rvm/gems/ruby-2.1.0/specifications/shoulda-context-1.1.6.gemspec
I, [2014-02-16T04:24:24.262149 #22134]  INFO -- : 0:  shoulda-matchers (2.4.0) from /usr/local/rvm/gems/ruby-2.1.0/specifications/shoulda-matchers-2.4.0.gemspec
I, [2014-02-16T04:24:24.262702 #22134]  INFO -- : 0:  shoulda (3.5.0) from /usr/local/rvm/gems/ruby-2.1.0/specifications/shoulda-3.5.0.gemspec
I, [2014-02-16T04:24:25.680437 #22134]  INFO -- : 0:  solr (0.0.0.pre) from /usr/local/rvm/gems/ruby-2.1.0/specifications/solr-0.0.0.pre.gemspec
I, [2014-02-16T04:24:25.681104 #22134]  INFO -- : 0:  sorted (1.0.0) from /usr/local/rvm/gems/ruby-2.1.0/specifications/sorted-1.0.0.gemspec
I, [2014-02-16T04:24:25.681653 #22134]  INFO -- : 0:  sqlite3 (1.3.8) from /usr/local/rvm/gems/ruby-2.1.0/specifications/sqlite3-1.3.8.gemspec
I, [2014-02-16T04:24:25.682110 #22134]  INFO -- : 0:  stringex (2.1.2) from /usr/local/rvm/gems/ruby-2.1.0/specifications/stringex-2.1.2.gemspec
I, [2014-02-16T04:24:25.682680 #22134]  INFO -- : 0:  sunspot (2.1.0) from /usr/local/rvm/gems/ruby-2.1.0/specifications/sunspot-2.1.0.gemspec
I, [2014-02-16T04:24:25.683123 #22134]  INFO -- : 0:  sunspot_rails (2.1.0) from /usr/local/rvm/gems/ruby-2.1.0/specifications/sunspot_rails-2.1.0.gemspec
I, [2014-02-16T04:24:25.683680 #22134]  INFO -- : 0:  sunspot_solr (2.1.0) from /usr/local/rvm/gems/ruby-2.1.0/specifications/sunspot_solr-2.1.0.gemspec
I, [2014-02-16T04:24:25.684145 #22134]  INFO -- : 0:  turbolinks (2.1.0) from /usr/local/rvm/gems/ruby-2.1.0/specifications/turbolinks-2.1.0.gemspec
I, [2014-02-16T04:24:25.684700 #22134]  INFO -- : 0:  uglifier (2.4.0) from /usr/local/rvm/gems/ruby-2.1.0/specifications/uglifier-2.4.0.gemspec
I, [2014-02-16T04:43:42.366509 #22506]  INFO -- : 0:  rake (10.1.1) from /usr/local/rvm/gems/ruby-2.1.0/specifications/rake-10.1.1.gemspec
I, [2014-02-16T04:43:42.367073 #22506]  INFO -- : 0:  i18n (0.6.9) from /usr/local/rvm/gems/ruby-2.1.0/specifications/i18n-0.6.9.gemspec
I, [2014-02-16T04:43:42.401964 #22506]  INFO -- : 0:  minitest (4.7.5) from /usr/local/rvm/gems/ruby-2.1.0/specifications/minitest-4.7.5.gemspec
I, [2014-02-16T04:43:42.402442 #22506]  INFO -- : 0:  multi_json (1.8.2) from /usr/local/rvm/gems/ruby-2.1.0/specifications/multi_json-1.8.2.gemspec
I, [2014-02-16T04:43:42.402920 #22506]  INFO -- : 0:  atomic (1.1.14) from /usr/local/rvm/gems/ruby-2.1.0/specifications/atomic-1.1.14.gemspec
I, [2014-02-16T04:43:42.403338 #22506]  INFO -- : 0:  thread_safe (0.1.3) from /usr/local/rvm/gems/ruby-2.1.0/specifications/thread_safe-0.1.3.gemspec
I, [2014-02-16T04:43:42.403790 #22506]  INFO -- : 0:  tzinfo (0.3.38) from /usr/local/rvm/gems/ruby-2.1.0/specifications/tzinfo-0.3.38.gemspec
I, [2014-02-16T04:43:42.404209 #22506]  INFO -- : 0:  activesupport (4.0.1) from /usr/local/rvm/gems/ruby-2.1.0/specifications/activesupport-4.0.1.gemspec
I, [2014-02-16T04:43:42.404662 #22506]  INFO -- : 0:  builder (3.1.4) from /usr/local/rvm/gems/ruby-2.1.0/specifications/builder-3.1.4.gemspec
I, [2014-02-16T04:43:42.405065 #22506]  INFO -- : 0:  erubis (2.7.0) from /usr/local/rvm/gems/ruby-2.1.0/specifications/erubis-2.7.0.gemspec
I, [2014-02-16T04:43:42.405506 #22506]  INFO -- : 0:  rack (1.5.2) from /usr/local/rvm/gems/ruby-2.1.0/specifications/rack-1.5.2.gemspec
I, [2014-02-16T04:43:42.405922 #22506]  INFO -- : 0:  rack-test (0.6.2) from /usr/local/rvm/gems/ruby-2.1.0/specifications/rack-test-0.6.2.gemspec
I, [2014-02-16T04:43:42.406317 #22506]  INFO -- : 0:  actionpack (4.0.1) from /usr/local/rvm/gems/ruby-2.1.0/specifications/actionpack-4.0.1.gemspec
I, [2014-02-16T04:43:42.406777 #22506]  INFO -- : 0:  mime-types (1.25.1) from /usr/local/rvm/gems/ruby-2.1.0/specifications/mime-types-1.25.1.gemspec
I, [2014-02-16T04:43:42.407183 #22506]  INFO -- : 0:  polyglot (0.3.3) from /usr/local/rvm/gems/ruby-2.1.0/specifications/polyglot-0.3.3.gemspec
I, [2014-02-16T04:43:42.407634 #22506]  INFO -- : 0:  treetop (1.4.15) from /usr/local/rvm/gems/ruby-2.1.0/specifications/treetop-1.4.15.gemspec
I, [2014-02-16T04:43:42.408038 #22506]  INFO -- : 0:  mail (2.5.4) from /usr/local/rvm/gems/ruby-2.1.0/specifications/mail-2.5.4.gemspec
I, [2014-02-16T04:43:42.408456 #22506]  INFO -- : 0:  actionmailer (4.0.1) from /usr/local/rvm/gems/ruby-2.1.0/specifications/actionmailer-4.0.1.gemspec
I, [2014-02-16T04:43:42.408892 #22506]  INFO -- : 0:  activemodel (4.0.1) from /usr/local/rvm/gems/ruby-2.1.0/specifications/activemodel-4.0.1.gemspec
I, [2014-02-16T04:43:42.409295 #22506]  INFO -- : 0:  activerecord-deprecated_finders (1.0.3) from /usr/local/rvm/gems/ruby-2.1.0/specifications/activerecord-deprecated_finders-1.0.3.gemspec
I, [2014-02-16T04:43:42.409745 #22506]  INFO -- : 0:  arel (4.0.1) from /usr/local/rvm/gems/ruby-2.1.0/specifications/arel-4.0.1.gemspec
I, [2014-02-16T04:43:42.410148 #22506]  INFO -- : 0:  activerecord (4.0.1) from /usr/local/rvm/gems/ruby-2.1.0/specifications/activerecord-4.0.1.gemspec
I, [2014-02-16T04:43:42.410612 #22506]  INFO -- : 0:  bcrypt-ruby (3.1.2) from /usr/local/rvm/gems/ruby-2.1.0/specifications/bcrypt-ruby-3.1.2.gemspec
I, [2014-02-16T04:43:42.410991 #22506]  INFO -- : 0:  bundler (1.5.0) from /usr/local/rvm/gems/ruby-2.1.0@global/specifications/bundler-1.5.0.gemspec
I, [2014-02-16T04:43:42.411386 #22506]  INFO -- : 0:  climate_control (0.0.3) from /usr/local/rvm/gems/ruby-2.1.0/specifications/climate_control-0.0.3.gemspec
I, [2014-02-16T04:43:42.411823 #22506]  INFO -- : 0:  cocaine (0.5.3) from /usr/local/rvm/gems/ruby-2.1.0/specifications/cocaine-0.5.3.gemspec
I, [2014-02-16T04:43:42.412223 #22506]  INFO -- : 0:  coffee-script-source (1.6.3) from /usr/local/rvm/gems/ruby-2.1.0/specifications/coffee-script-source-1.6.3.gemspec
I, [2014-02-16T04:43:42.412695 #22506]  INFO -- : 0:  execjs (2.0.2) from /usr/local/rvm/gems/ruby-2.1.0/specifications/execjs-2.0.2.gemspec
I, [2014-02-16T04:43:42.413098 #22506]  INFO -- : 0:  coffee-script (2.2.0) from /usr/local/rvm/gems/ruby-2.1.0/specifications/coffee-script-2.2.0.gemspec
I, [2014-02-16T04:43:42.413509 #22506]  INFO -- : 0:  thor (0.18.1) from /usr/local/rvm/gems/ruby-2.1.0/specifications/thor-0.18.1.gemspec
I, [2014-02-16T04:43:42.413913 #22506]  INFO -- : 0:  railties (4.0.1) from /usr/local/rvm/gems/ruby-2.1.0/specifications/railties-4.0.1.gemspec
I, [2014-02-16T04:43:42.414307 #22506]  INFO -- : 0:  coffee-rails (4.0.1) from /usr/local/rvm/gems/ruby-2.1.0/specifications/coffee-rails-4.0.1.gemspec
I, [2014-02-16T04:43:42.414747 #22506]  INFO -- : 0:  orm_adapter (0.5.0) from /usr/local/rvm/gems/ruby-2.1.0/specifications/orm_adapter-0.5.0.gemspec
I, [2014-02-16T04:43:42.415140 #22506]  INFO -- : 0:  warden (1.2.3) from /usr/local/rvm/gems/ruby-2.1.0/specifications/warden-1.2.3.gemspec
I, [2014-02-16T04:43:42.415568 #22506]  INFO -- : 0:  devise (3.2.2) from /usr/local/rvm/gems/ruby-2.1.0/specifications/devise-3.2.2.gemspec
I, [2014-02-16T04:43:42.415964 #22506]  INFO -- : 0:  multipart-post (1.2.0) from /usr/local/rvm/gems/ruby-2.1.0/specifications/multipart-post-1.2.0.gemspec
I, [2014-02-16T04:43:42.416359 #22506]  INFO -- : 0:  faraday (0.8.8) from /usr/local/rvm/gems/ruby-2.1.0/specifications/faraday-0.8.8.gemspec
I, [2014-02-16T04:43:42.416803 #22506]  INFO -- : 0:  fattr (2.2.1) from /usr/local/rvm/gems/ruby-2.1.0/specifications/fattr-2.2.1.gemspec
I, [2014-02-16T04:43:42.417202 #22506]  INFO -- : 0:  geocoder (1.1.9) from /usr/local/rvm/gems/ruby-2.1.0/specifications/geocoder-1.1.9.gemspec
I, [2014-02-16T04:43:42.417653 #22506]  INFO -- : 0:  hashie (2.0.5) from /usr/local/rvm/gems/ruby-2.1.0/specifications/hashie-2.0.5.gemspec
I, [2014-02-16T04:43:42.418034 #22506]  INFO -- : 0:  highline (1.6.20) from /usr/local/rvm/gems/ruby-2.1.0/specifications/highline-1.6.20.gemspec
I, [2014-02-16T04:43:42.418427 #22506]  INFO -- : 0:  hike (1.2.3) from /usr/local/rvm/gems/ruby-2.1.0/specifications/hike-1.2.3.gemspec
I, [2014-02-16T04:43:42.418857 #22506]  INFO -- : 0:  httpauth (0.2.0) from /usr/local/rvm/gems/ruby-2.1.0/specifications/httpauth-0.2.0.gemspec
I, [2014-02-16T04:43:42.419261 #22506]  INFO -- : 0:  jbuilder (1.5.3) from /usr/local/rvm/gems/ruby-2.1.0/specifications/jbuilder-1.5.3.gemspec
I, [2014-02-16T04:43:42.419703 #22506]  INFO -- : 0:  jquery-ui-rails (4.1.1) from /usr/local/rvm/gems/ruby-2.1.0/specifications/jquery-ui-rails-4.1.1.gemspec
I, [2014-02-16T04:43:42.420094 #22506]  INFO -- : 0:  uuidtools (2.1.4) from /usr/local/rvm/gems/ruby-2.1.0/specifications/uuidtools-2.1.4.gemspec
I, [2014-02-16T04:43:42.420528 #22506]  INFO -- : 0:  jquery-modal-rails (0.0.4) from /usr/local/rvm/gems/ruby-2.1.0/specifications/jquery-modal-rails-0.0.4.gemspec
I, [2014-02-16T04:43:42.420925 #22506]  INFO -- : 0:  jquery-rails (3.0.4) from /usr/local/rvm/gems/ruby-2.1.0/specifications/jquery-rails-3.0.4.gemspec
I, [2014-02-16T04:43:42.421322 #22506]  INFO -- : 0:  jquery_datepicker (0.4) from /usr/local/rvm/gems/ruby-2.1.0/specifications/jquery_datepicker-0.4.gemspec
I, [2014-02-16T04:43:42.421770 #22506]  INFO -- : 0:  tilt (1.4.1) from /usr/local/rvm/gems/ruby-2.1.0/specifications/tilt-1.4.1.gemspec
I, [2014-02-16T04:43:42.422187 #22506]  INFO -- : 0:  sprockets (2.10.1) from /usr/local/rvm/gems/ruby-2.1.0/specifications/sprockets-2.10.1.gemspec
I, [2014-02-16T04:43:42.422607 #22506]  INFO -- : 0:  sprockets-rails (2.0.1) from /usr/local/rvm/gems/ruby-2.1.0/specifications/sprockets-rails-2.0.1.gemspec
I, [2014-02-16T04:43:42.423009 #22506]  INFO -- : 0:  rails (4.0.1) from /usr/local/rvm/gems/ruby-2.1.0/specifications/rails-4.0.1.gemspec
I, [2014-02-16T04:43:42.423400 #22506]  INFO -- : 0:  js-routes (0.9.6) from /usr/local/rvm/gems/ruby-2.1.0/specifications/js-routes-0.9.6.gemspec
I, [2014-02-16T04:43:43.878545 #22506]  INFO -- : 0:  json (1.8.1) from /usr/local/rvm/gems/ruby-2.1.0/specifications/json-1.8.1.gemspec
I, [2014-02-16T04:43:43.879544 #22506]  INFO -- : 0:  jwt (0.1.8) from /usr/local/rvm/gems/ruby-2.1.0/specifications/jwt-0.1.8.gemspec
I, [2014-02-16T04:43:43.880009 #22506]  INFO -- : 0:  kaminari (0.14.1) from /usr/local/rvm/gems/ruby-2.1.0/specifications/kaminari-0.14.1.gemspec
I, [2014-02-16T04:43:43.880521 #22506]  INFO -- : 0:  lazybox (0.2.6) from /usr/local/rvm/gems/ruby-2.1.0/specifications/lazybox-0.2.6.gemspec
I, [2014-02-16T04:43:43.881009 #22506]  INFO -- : 0:  mini_portile (0.5.2) from /usr/local/rvm/gems/ruby-2.1.0/specifications/mini_portile-0.5.2.gemspec
I, [2014-02-16T04:43:43.881520 #22506]  INFO -- : 0:  nokogiri (1.6.1) from /usr/local/rvm/gems/ruby-2.1.0/specifications/nokogiri-1.6.1.gemspec
I, [2014-02-16T04:43:43.882031 #22506]  INFO -- : 0:  oauth2 (0.8.1) from /usr/local/rvm/gems/ruby-2.1.0/specifications/oauth2-0.8.1.gemspec
I, [2014-02-16T04:43:43.882487 #22506]  INFO -- : 0:  omniauth (1.1.4) from /usr/local/rvm/gems/ruby-2.1.0/specifications/omniauth-1.1.4.gemspec
I, [2014-02-16T04:43:43.883059 #22506]  INFO -- : 0:  omniauth-oauth2 (1.1.1) from /usr/local/rvm/gems/ruby-2.1.0/specifications/omniauth-oauth2-1.1.1.gemspec
I, [2014-02-16T04:43:43.883677 #22506]  INFO -- : 0:  omniauth-facebook (1.5.1) from /usr/local/rvm/gems/ruby-2.1.0/specifications/omniauth-facebook-1.5.1.gemspec
I, [2014-02-16T04:43:43.884177 #22506]  INFO -- : 0:  options (2.3.0) from /usr/local/rvm/gems/ruby-2.1.0/specifications/options-2.3.0.gemspec
I, [2014-02-16T04:43:43.884725 #22506]  INFO -- : 0:  owlcarousel-rails (0.1.31) from /usr/local/rvm/gems/ruby-2.1.0/specifications/owlcarousel-rails-0.1.31.gemspec
I, [2014-02-16T04:43:43.885207 #22506]  INFO -- : 0:  paperclip (3.5.2) from /usr/local/rvm/gems/ruby-2.1.0/specifications/paperclip-3.5.2.gemspec
I, [2014-02-16T04:43:43.885782 #22506]  INFO -- : 0:  pr_geohash (1.0.0) from /usr/local/rvm/gems/ruby-2.1.0/specifications/pr_geohash-1.0.0.gemspec
I, [2014-02-16T04:43:43.886197 #22506]  INFO -- : 0:  progress_bar (1.0.0) from /usr/local/rvm/gems/ruby-2.1.0/specifications/progress_bar-1.0.0.gemspec
I, [2014-02-16T04:43:43.886736 #22506]  INFO -- : 0:  rdoc (3.12.2) from /usr/local/rvm/gems/ruby-2.1.0/specifications/rdoc-3.12.2.gemspec
I, [2014-02-16T04:43:43.887195 #22506]  INFO -- : 0:  rsolr (1.0.9) from /usr/local/rvm/gems/ruby-2.1.0/specifications/rsolr-1.0.9.gemspec
I, [2014-02-16T04:43:43.887723 #22506]  INFO -- : 0:  sass (3.2.13) from /usr/local/rvm/gems/ruby-2.1.0/specifications/sass-3.2.13.gemspec
I, [2014-02-16T04:43:43.888205 #22506]  INFO -- : 0:  sass-rails (4.0.1) from /usr/local/rvm/gems/ruby-2.1.0/specifications/sass-rails-4.0.1.gemspec
I, [2014-02-16T04:43:43.888721 #22506]  INFO -- : 0:  sdoc (0.3.20) from /usr/local/rvm/gems/ruby-2.1.0/specifications/sdoc-0.3.20.gemspec
I, [2014-02-16T04:43:43.889144 #22506]  INFO -- : 0:  shoulda-context (1.1.6) from /usr/local/rvm/gems/ruby-2.1.0/specifications/shoulda-context-1.1.6.gemspec
I, [2014-02-16T04:43:43.889638 #22506]  INFO -- : 0:  shoulda-matchers (2.4.0) from /usr/local/rvm/gems/ruby-2.1.0/specifications/shoulda-matchers-2.4.0.gemspec
I, [2014-02-16T04:43:43.890198 #22506]  INFO -- : 0:  shoulda (3.5.0) from /usr/local/rvm/gems/ruby-2.1.0/specifications/shoulda-3.5.0.gemspec
I, [2014-02-16T04:43:43.890837 #22506]  INFO -- : 0:  solr (0.0.0.pre) from /usr/local/rvm/gems/ruby-2.1.0/specifications/solr-0.0.0.pre.gemspec
I, [2014-02-16T04:43:43.891379 #22506]  INFO -- : 0:  sorted (1.0.0) from /usr/local/rvm/gems/ruby-2.1.0/specifications/sorted-1.0.0.gemspec
I, [2014-02-16T04:43:43.891930 #22506]  INFO -- : 0:  sqlite3 (1.3.8) from /usr/local/rvm/gems/ruby-2.1.0/specifications/sqlite3-1.3.8.gemspec
I, [2014-02-16T04:43:43.892353 #22506]  INFO -- : 0:  stringex (2.1.2) from /usr/local/rvm/gems/ruby-2.1.0/specifications/stringex-2.1.2.gemspec
I, [2014-02-16T04:43:43.892882 #22506]  INFO -- : 0:  sunspot (2.1.0) from /usr/local/rvm/gems/ruby-2.1.0/specifications/sunspot-2.1.0.gemspec
I, [2014-02-16T04:43:43.893393 #22506]  INFO -- : 0:  sunspot_rails (2.1.0) from /usr/local/rvm/gems/ruby-2.1.0/specifications/sunspot_rails-2.1.0.gemspec
I, [2014-02-16T04:43:43.893929 #22506]  INFO -- : 0:  sunspot_solr (2.1.0) from /usr/local/rvm/gems/ruby-2.1.0/specifications/sunspot_solr-2.1.0.gemspec
I, [2014-02-16T04:43:43.894500 #22506]  INFO -- : 0:  turbolinks (2.1.0) from /usr/local/rvm/gems/ruby-2.1.0/specifications/turbolinks-2.1.0.gemspec
I, [2014-02-16T04:43:43.895038 #22506]  INFO -- : 0:  uglifier (2.4.0) from /usr/local/rvm/gems/ruby-2.1.0/specifications/uglifier-2.4.0.gemspec
I, [2014-02-16T04:44:23.080202 #22560]  INFO -- : 0:  rake (10.1.1) from /usr/local/rvm/gems/ruby-2.1.0/specifications/rake-10.1.1.gemspec
I, [2014-02-16T04:44:23.080796 #22560]  INFO -- : 0:  i18n (0.6.9) from /usr/local/rvm/gems/ruby-2.1.0/specifications/i18n-0.6.9.gemspec
I, [2014-02-16T04:44:23.143600 #22560]  INFO -- : 0:  minitest (4.7.5) from /usr/local/rvm/gems/ruby-2.1.0/specifications/minitest-4.7.5.gemspec
I, [2014-02-16T04:44:23.144203 #22560]  INFO -- : 0:  multi_json (1.8.2) from /usr/local/rvm/gems/ruby-2.1.0/specifications/multi_json-1.8.2.gemspec
I, [2014-02-16T04:44:23.144793 #22560]  INFO -- : 0:  atomic (1.1.14) from /usr/local/rvm/gems/ruby-2.1.0/specifications/atomic-1.1.14.gemspec
I, [2014-02-16T04:44:23.145219 #22560]  INFO -- : 0:  thread_safe (0.1.3) from /usr/local/rvm/gems/ruby-2.1.0/specifications/thread_safe-0.1.3.gemspec
I, [2014-02-16T04:44:23.145782 #22560]  INFO -- : 0:  tzinfo (0.3.38) from /usr/local/rvm/gems/ruby-2.1.0/specifications/tzinfo-0.3.38.gemspec
I, [2014-02-16T04:44:23.146214 #22560]  INFO -- : 0:  activesupport (4.0.1) from /usr/local/rvm/gems/ruby-2.1.0/specifications/activesupport-4.0.1.gemspec
I, [2014-02-16T04:44:23.146754 #22560]  INFO -- : 0:  builder (3.1.4) from /usr/local/rvm/gems/ruby-2.1.0/specifications/builder-3.1.4.gemspec
I, [2014-02-16T04:44:23.147158 #22560]  INFO -- : 0:  erubis (2.7.0) from /usr/local/rvm/gems/ruby-2.1.0/specifications/erubis-2.7.0.gemspec
I, [2014-02-16T04:44:23.147678 #22560]  INFO -- : 0:  rack (1.5.2) from /usr/local/rvm/gems/ruby-2.1.0/specifications/rack-1.5.2.gemspec
I, [2014-02-16T04:44:23.148101 #22560]  INFO -- : 0:  rack-test (0.6.2) from /usr/local/rvm/gems/ruby-2.1.0/specifications/rack-test-0.6.2.gemspec
I, [2014-02-16T04:44:23.148631 #22560]  INFO -- : 0:  actionpack (4.0.1) from /usr/local/rvm/gems/ruby-2.1.0/specifications/actionpack-4.0.1.gemspec
I, [2014-02-16T04:44:23.149047 #22560]  INFO -- : 0:  mime-types (1.25.1) from /usr/local/rvm/gems/ruby-2.1.0/specifications/mime-types-1.25.1.gemspec
I, [2014-02-16T04:44:23.149446 #22560]  INFO -- : 0:  polyglot (0.3.3) from /usr/local/rvm/gems/ruby-2.1.0/specifications/polyglot-0.3.3.gemspec
I, [2014-02-16T04:44:23.149954 #22560]  INFO -- : 0:  treetop (1.4.15) from /usr/local/rvm/gems/ruby-2.1.0/specifications/treetop-1.4.15.gemspec
I, [2014-02-16T04:44:23.150363 #22560]  INFO -- : 0:  mail (2.5.4) from /usr/local/rvm/gems/ruby-2.1.0/specifications/mail-2.5.4.gemspec
I, [2014-02-16T04:44:23.150916 #22560]  INFO -- : 0:  actionmailer (4.0.1) from /usr/local/rvm/gems/ruby-2.1.0/specifications/actionmailer-4.0.1.gemspec
I, [2014-02-16T04:44:23.151337 #22560]  INFO -- : 0:  activemodel (4.0.1) from /usr/local/rvm/gems/ruby-2.1.0/specifications/activemodel-4.0.1.gemspec
I, [2014-02-16T04:44:23.151857 #22560]  INFO -- : 0:  activerecord-deprecated_finders (1.0.3) from /usr/local/rvm/gems/ruby-2.1.0/specifications/activerecord-deprecated_finders-1.0.3.gemspec
I, [2014-02-16T04:44:23.152282 #22560]  INFO -- : 0:  arel (4.0.1) from /usr/local/rvm/gems/ruby-2.1.0/specifications/arel-4.0.1.gemspec
I, [2014-02-16T04:44:23.152814 #22560]  INFO -- : 0:  activerecord (4.0.1) from /usr/local/rvm/gems/ruby-2.1.0/specifications/activerecord-4.0.1.gemspec
I, [2014-02-16T04:44:23.153211 #22560]  INFO -- : 0:  bcrypt-ruby (3.1.2) from /usr/local/rvm/gems/ruby-2.1.0/specifications/bcrypt-ruby-3.1.2.gemspec
I, [2014-02-16T04:44:23.153687 #22560]  INFO -- : 0:  bundler (1.5.0) from /usr/local/rvm/gems/ruby-2.1.0@global/specifications/bundler-1.5.0.gemspec
I, [2014-02-16T04:44:23.154096 #22560]  INFO -- : 0:  climate_control (0.0.3) from /usr/local/rvm/gems/ruby-2.1.0/specifications/climate_control-0.0.3.gemspec
I, [2014-02-16T04:44:23.154601 #22560]  INFO -- : 0:  cocaine (0.5.3) from /usr/local/rvm/gems/ruby-2.1.0/specifications/cocaine-0.5.3.gemspec
I, [2014-02-16T04:44:23.155019 #22560]  INFO -- : 0:  coffee-script-source (1.6.3) from /usr/local/rvm/gems/ruby-2.1.0/specifications/coffee-script-source-1.6.3.gemspec
I, [2014-02-16T04:44:23.155412 #22560]  INFO -- : 0:  execjs (2.0.2) from /usr/local/rvm/gems/ruby-2.1.0/specifications/execjs-2.0.2.gemspec
I, [2014-02-16T04:44:23.156000 #22560]  INFO -- : 0:  coffee-script (2.2.0) from /usr/local/rvm/gems/ruby-2.1.0/specifications/coffee-script-2.2.0.gemspec
I, [2014-02-16T04:44:23.156398 #22560]  INFO -- : 0:  thor (0.18.1) from /usr/local/rvm/gems/ruby-2.1.0/specifications/thor-0.18.1.gemspec
I, [2014-02-16T04:44:23.156937 #22560]  INFO -- : 0:  railties (4.0.1) from /usr/local/rvm/gems/ruby-2.1.0/specifications/railties-4.0.1.gemspec
I, [2014-02-16T04:44:23.157335 #22560]  INFO -- : 0:  coffee-rails (4.0.1) from /usr/local/rvm/gems/ruby-2.1.0/specifications/coffee-rails-4.0.1.gemspec
I, [2014-02-16T04:44:23.157825 #22560]  INFO -- : 0:  orm_adapter (0.5.0) from /usr/local/rvm/gems/ruby-2.1.0/specifications/orm_adapter-0.5.0.gemspec
I, [2014-02-16T04:44:23.158224 #22560]  INFO -- : 0:  warden (1.2.3) from /usr/local/rvm/gems/ruby-2.1.0/specifications/warden-1.2.3.gemspec
I, [2014-02-16T04:44:23.158707 #22560]  INFO -- : 0:  devise (3.2.2) from /usr/local/rvm/gems/ruby-2.1.0/specifications/devise-3.2.2.gemspec
I, [2014-02-16T04:44:23.159104 #22560]  INFO -- : 0:  multipart-post (1.2.0) from /usr/local/rvm/gems/ruby-2.1.0/specifications/multipart-post-1.2.0.gemspec
I, [2014-02-16T04:44:23.159579 #22560]  INFO -- : 0:  faraday (0.8.8) from /usr/local/rvm/gems/ruby-2.1.0/specifications/faraday-0.8.8.gemspec
I, [2014-02-16T04:44:23.160010 #22560]  INFO -- : 0:  fattr (2.2.1) from /usr/local/rvm/gems/ruby-2.1.0/specifications/fattr-2.2.1.gemspec
I, [2014-02-16T04:44:23.160409 #22560]  INFO -- : 0:  geocoder (1.1.9) from /usr/local/rvm/gems/ruby-2.1.0/specifications/geocoder-1.1.9.gemspec
I, [2014-02-16T04:44:23.160907 #22560]  INFO -- : 0:  hashie (2.0.5) from /usr/local/rvm/gems/ruby-2.1.0/specifications/hashie-2.0.5.gemspec
I, [2014-02-16T04:44:23.161291 #22560]  INFO -- : 0:  highline (1.6.20) from /usr/local/rvm/gems/ruby-2.1.0/specifications/highline-1.6.20.gemspec
I, [2014-02-16T04:44:23.161789 #22560]  INFO -- : 0:  hike (1.2.3) from /usr/local/rvm/gems/ruby-2.1.0/specifications/hike-1.2.3.gemspec
I, [2014-02-16T04:44:23.162176 #22560]  INFO -- : 0:  httpauth (0.2.0) from /usr/local/rvm/gems/ruby-2.1.0/specifications/httpauth-0.2.0.gemspec
I, [2014-02-16T04:44:23.162671 #22560]  INFO -- : 0:  jbuilder (1.5.3) from /usr/local/rvm/gems/ruby-2.1.0/specifications/jbuilder-1.5.3.gemspec
I, [2014-02-16T04:44:23.163068 #22560]  INFO -- : 0:  jquery-ui-rails (4.1.1) from /usr/local/rvm/gems/ruby-2.1.0/specifications/jquery-ui-rails-4.1.1.gemspec
I, [2014-02-16T04:44:23.163452 #22560]  INFO -- : 0:  uuidtools (2.1.4) from /usr/local/rvm/gems/ruby-2.1.0/specifications/uuidtools-2.1.4.gemspec
I, [2014-02-16T04:44:23.163938 #22560]  INFO -- : 0:  jquery-modal-rails (0.0.4) from /usr/local/rvm/gems/ruby-2.1.0/specifications/jquery-modal-rails-0.0.4.gemspec
I, [2014-02-16T04:44:23.164338 #22560]  INFO -- : 0:  jquery-rails (3.0.4) from /usr/local/rvm/gems/ruby-2.1.0/specifications/jquery-rails-3.0.4.gemspec
I, [2014-02-16T04:44:23.164849 #22560]  INFO -- : 0:  jquery_datepicker (0.4) from /usr/local/rvm/gems/ruby-2.1.0/specifications/jquery_datepicker-0.4.gemspec
I, [2014-02-16T04:44:23.165252 #22560]  INFO -- : 0:  tilt (1.4.1) from /usr/local/rvm/gems/ruby-2.1.0/specifications/tilt-1.4.1.gemspec
I, [2014-02-16T04:44:23.165762 #22560]  INFO -- : 0:  sprockets (2.10.1) from /usr/local/rvm/gems/ruby-2.1.0/specifications/sprockets-2.10.1.gemspec
I, [2014-02-16T04:44:23.166165 #22560]  INFO -- : 0:  sprockets-rails (2.0.1) from /usr/local/rvm/gems/ruby-2.1.0/specifications/sprockets-rails-2.0.1.gemspec
I, [2014-02-16T04:44:23.166692 #22560]  INFO -- : 0:  rails (4.0.1) from /usr/local/rvm/gems/ruby-2.1.0/specifications/rails-4.0.1.gemspec
I, [2014-02-16T04:44:23.167106 #22560]  INFO -- : 0:  js-routes (0.9.6) from /usr/local/rvm/gems/ruby-2.1.0/specifications/js-routes-0.9.6.gemspec
I, [2014-02-16T04:44:24.570101 #22560]  INFO -- : 0:  json (1.8.1) from /usr/local/rvm/gems/ruby-2.1.0/specifications/json-1.8.1.gemspec
I, [2014-02-16T04:44:24.571859 #22560]  INFO -- : 0:  jwt (0.1.8) from /usr/local/rvm/gems/ruby-2.1.0/specifications/jwt-0.1.8.gemspec
I, [2014-02-16T04:44:24.573014 #22560]  INFO -- : 0:  kaminari (0.14.1) from /usr/local/rvm/gems/ruby-2.1.0/specifications/kaminari-0.14.1.gemspec
I, [2014-02-16T04:44:24.575040 #22560]  INFO -- : 0:  lazybox (0.2.6) from /usr/local/rvm/gems/ruby-2.1.0/specifications/lazybox-0.2.6.gemspec
I, [2014-02-16T04:44:24.576120 #22560]  INFO -- : 0:  mini_portile (0.5.2) from /usr/local/rvm/gems/ruby-2.1.0/specifications/mini_portile-0.5.2.gemspec
I, [2014-02-16T04:44:24.577198 #22560]  INFO -- : 0:  nokogiri (1.6.1) from /usr/local/rvm/gems/ruby-2.1.0/specifications/nokogiri-1.6.1.gemspec
I, [2014-02-16T04:44:24.577957 #22560]  INFO -- : 0:  oauth2 (0.8.1) from /usr/local/rvm/gems/ruby-2.1.0/specifications/oauth2-0.8.1.gemspec
I, [2014-02-16T04:44:24.579596 #22560]  INFO -- : 0:  omniauth (1.1.4) from /usr/local/rvm/gems/ruby-2.1.0/specifications/omniauth-1.1.4.gemspec
I, [2014-02-16T04:44:24.580763 #22560]  INFO -- : 0:  omniauth-oauth2 (1.1.1) from /usr/local/rvm/gems/ruby-2.1.0/specifications/omniauth-oauth2-1.1.1.gemspec
I, [2014-02-16T04:44:24.581965 #22560]  INFO -- : 0:  omniauth-facebook (1.5.1) from /usr/local/rvm/gems/ruby-2.1.0/specifications/omniauth-facebook-1.5.1.gemspec
I, [2014-02-16T04:44:24.582722 #22560]  INFO -- : 0:  options (2.3.0) from /usr/local/rvm/gems/ruby-2.1.0/specifications/options-2.3.0.gemspec
I, [2014-02-16T04:44:24.583271 #22560]  INFO -- : 0:  owlcarousel-rails (0.1.31) from /usr/local/rvm/gems/ruby-2.1.0/specifications/owlcarousel-rails-0.1.31.gemspec
I, [2014-02-16T04:44:24.584063 #22560]  INFO -- : 0:  paperclip (3.5.2) from /usr/local/rvm/gems/ruby-2.1.0/specifications/paperclip-3.5.2.gemspec
I, [2014-02-16T04:44:24.584866 #22560]  INFO -- : 0:  pr_geohash (1.0.0) from /usr/local/rvm/gems/ruby-2.1.0/specifications/pr_geohash-1.0.0.gemspec
I, [2014-02-16T04:44:24.585607 #22560]  INFO -- : 0:  progress_bar (1.0.0) from /usr/local/rvm/gems/ruby-2.1.0/specifications/progress_bar-1.0.0.gemspec
I, [2014-02-16T04:44:24.586196 #22560]  INFO -- : 0:  rdoc (3.12.2) from /usr/local/rvm/gems/ruby-2.1.0/specifications/rdoc-3.12.2.gemspec
I, [2014-02-16T04:44:24.586912 #22560]  INFO -- : 0:  rsolr (1.0.9) from /usr/local/rvm/gems/ruby-2.1.0/specifications/rsolr-1.0.9.gemspec
I, [2014-02-16T04:44:24.587622 #22560]  INFO -- : 0:  sass (3.2.13) from /usr/local/rvm/gems/ruby-2.1.0/specifications/sass-3.2.13.gemspec
I, [2014-02-16T04:44:24.588236 #22560]  INFO -- : 0:  sass-rails (4.0.1) from /usr/local/rvm/gems/ruby-2.1.0/specifications/sass-rails-4.0.1.gemspec
I, [2014-02-16T04:44:24.588990 #22560]  INFO -- : 0:  sdoc (0.3.20) from /usr/local/rvm/gems/ruby-2.1.0/specifications/sdoc-0.3.20.gemspec
I, [2014-02-16T04:44:24.589795 #22560]  INFO -- : 0:  shoulda-context (1.1.6) from /usr/local/rvm/gems/ruby-2.1.0/specifications/shoulda-context-1.1.6.gemspec
I, [2014-02-16T04:44:24.590373 #22560]  INFO -- : 0:  shoulda-matchers (2.4.0) from /usr/local/rvm/gems/ruby-2.1.0/specifications/shoulda-matchers-2.4.0.gemspec
I, [2014-02-16T04:44:24.591093 #22560]  INFO -- : 0:  shoulda (3.5.0) from /usr/local/rvm/gems/ruby-2.1.0/specifications/shoulda-3.5.0.gemspec
I, [2014-02-16T04:44:24.593213 #22560]  INFO -- : 0:  sorted (1.0.0) from /usr/local/rvm/gems/ruby-2.1.0/specifications/sorted-1.0.0.gemspec
I, [2014-02-16T04:44:24.594027 #22560]  INFO -- : 0:  sqlite3 (1.3.8) from /usr/local/rvm/gems/ruby-2.1.0/specifications/sqlite3-1.3.8.gemspec
I, [2014-02-16T04:44:24.594981 #22560]  INFO -- : 0:  stringex (2.1.2) from /usr/local/rvm/gems/ruby-2.1.0/specifications/stringex-2.1.2.gemspec
I, [2014-02-16T04:44:24.595725 #22560]  INFO -- : 0:  sunspot (2.1.0) from /usr/local/rvm/gems/ruby-2.1.0/specifications/sunspot-2.1.0.gemspec
I, [2014-02-16T04:44:24.596680 #22560]  INFO -- : 0:  sunspot_rails (2.1.0) from /usr/local/rvm/gems/ruby-2.1.0/specifications/sunspot_rails-2.1.0.gemspec
I, [2014-02-16T04:44:24.597208 #22560]  INFO -- : 0:  sunspot_solr (2.1.0) from /usr/local/rvm/gems/ruby-2.1.0/specifications/sunspot_solr-2.1.0.gemspec
I, [2014-02-16T04:44:24.598047 #22560]  INFO -- : 0:  turbolinks (2.1.0) from /usr/local/rvm/gems/ruby-2.1.0/specifications/turbolinks-2.1.0.gemspec
I, [2014-02-16T04:44:24.598643 #22560]  INFO -- : 0:  uglifier (2.4.0) from /usr/local/rvm/gems/ruby-2.1.0/specifications/uglifier-2.4.0.gemspec
I, [2014-02-16T05:53:08.930099 #23300]  INFO -- : 0:  rake (10.1.1) from /usr/local/rvm/gems/ruby-2.1.0/specifications/rake-10.1.1.gemspec
I, [2014-02-16T05:53:08.930679 #23300]  INFO -- : 0:  i18n (0.6.9) from /usr/local/rvm/gems/ruby-2.1.0/specifications/i18n-0.6.9.gemspec
I, [2014-02-16T05:53:08.959921 #23300]  INFO -- : 0:  minitest (4.7.5) from /usr/local/rvm/gems/ruby-2.1.0/specifications/minitest-4.7.5.gemspec
I, [2014-02-16T05:53:08.960402 #23300]  INFO -- : 0:  multi_json (1.8.4) from /usr/local/rvm/gems/ruby-2.1.0/specifications/multi_json-1.8.4.gemspec
I, [2014-02-16T05:53:08.960952 #23300]  INFO -- : 0:  atomic (1.1.14) from /usr/local/rvm/gems/ruby-2.1.0/specifications/atomic-1.1.14.gemspec
I, [2014-02-16T05:53:08.961348 #23300]  INFO -- : 0:  thread_safe (0.1.3) from /usr/local/rvm/gems/ruby-2.1.0/specifications/thread_safe-0.1.3.gemspec
I, [2014-02-16T05:53:08.961912 #23300]  INFO -- : 0:  tzinfo (0.3.38) from /usr/local/rvm/gems/ruby-2.1.0/specifications/tzinfo-0.3.38.gemspec
I, [2014-02-16T05:53:08.962333 #23300]  INFO -- : 0:  activesupport (4.0.1) from /usr/local/rvm/gems/ruby-2.1.0/specifications/activesupport-4.0.1.gemspec
I, [2014-02-16T05:53:08.962867 #23300]  INFO -- : 0:  builder (3.1.4) from /usr/local/rvm/gems/ruby-2.1.0/specifications/builder-3.1.4.gemspec
I, [2014-02-16T05:53:08.963264 #23300]  INFO -- : 0:  erubis (2.7.0) from /usr/local/rvm/gems/ruby-2.1.0/specifications/erubis-2.7.0.gemspec
I, [2014-02-16T05:53:08.963792 #23300]  INFO -- : 0:  rack (1.5.2) from /usr/local/rvm/gems/ruby-2.1.0/specifications/rack-1.5.2.gemspec
I, [2014-02-16T05:53:08.964191 #23300]  INFO -- : 0:  rack-test (0.6.2) from /usr/local/rvm/gems/ruby-2.1.0/specifications/rack-test-0.6.2.gemspec
I, [2014-02-16T05:53:08.964718 #23300]  INFO -- : 0:  actionpack (4.0.1) from /usr/local/rvm/gems/ruby-2.1.0/specifications/actionpack-4.0.1.gemspec
I, [2014-02-16T05:53:08.965118 #23300]  INFO -- : 0:  mime-types (1.25.1) from /usr/local/rvm/gems/ruby-2.1.0/specifications/mime-types-1.25.1.gemspec
I, [2014-02-16T05:53:08.965643 #23300]  INFO -- : 0:  polyglot (0.3.3) from /usr/local/rvm/gems/ruby-2.1.0/specifications/polyglot-0.3.3.gemspec
I, [2014-02-16T05:53:08.966054 #23300]  INFO -- : 0:  treetop (1.4.15) from /usr/local/rvm/gems/ruby-2.1.0/specifications/treetop-1.4.15.gemspec
I, [2014-02-16T05:53:08.966431 #23300]  INFO -- : 0:  mail (2.5.4) from /usr/local/rvm/gems/ruby-2.1.0/specifications/mail-2.5.4.gemspec
I, [2014-02-16T05:53:08.966952 #23300]  INFO -- : 0:  actionmailer (4.0.1) from /usr/local/rvm/gems/ruby-2.1.0/specifications/actionmailer-4.0.1.gemspec
I, [2014-02-16T05:53:08.967381 #23300]  INFO -- : 0:  activemodel (4.0.1) from /usr/local/rvm/gems/ruby-2.1.0/specifications/activemodel-4.0.1.gemspec
I, [2014-02-16T05:53:08.967880 #23300]  INFO -- : 0:  activerecord-deprecated_finders (1.0.3) from /usr/local/rvm/gems/ruby-2.1.0/specifications/activerecord-deprecated_finders-1.0.3.gemspec
I, [2014-02-16T05:53:08.968286 #23300]  INFO -- : 0:  arel (4.0.2) from /usr/local/rvm/gems/ruby-2.1.0/specifications/arel-4.0.2.gemspec
I, [2014-02-16T05:53:08.968795 #23300]  INFO -- : 0:  activerecord (4.0.1) from /usr/local/rvm/gems/ruby-2.1.0/specifications/activerecord-4.0.1.gemspec
I, [2014-02-16T05:53:08.969187 #23300]  INFO -- : 0:  bcrypt-ruby (3.1.2) from /usr/local/rvm/gems/ruby-2.1.0/specifications/bcrypt-ruby-3.1.2.gemspec
I, [2014-02-16T05:53:08.969667 #23300]  INFO -- : 0:  bundler (1.5.0) from /usr/local/rvm/gems/ruby-2.1.0@global/specifications/bundler-1.5.0.gemspec
I, [2014-02-16T05:53:08.970069 #23300]  INFO -- : 0:  climate_control (0.0.3) from /usr/local/rvm/gems/ruby-2.1.0/specifications/climate_control-0.0.3.gemspec
I, [2014-02-16T05:53:08.970459 #23300]  INFO -- : 0:  cocaine (0.5.3) from /usr/local/rvm/gems/ruby-2.1.0/specifications/cocaine-0.5.3.gemspec
I, [2014-02-16T05:53:10.740148 #23300]  INFO -- : 0:  coffee-script-source (1.7.0) from /usr/local/rvm/gems/ruby-2.1.0/specifications/coffee-script-source-1.7.0.gemspec
I, [2014-02-16T05:53:10.740780 #23300]  INFO -- : 0:  execjs (2.0.2) from /usr/local/rvm/gems/ruby-2.1.0/specifications/execjs-2.0.2.gemspec
I, [2014-02-16T05:53:10.741179 #23300]  INFO -- : 0:  coffee-script (2.2.0) from /usr/local/rvm/gems/ruby-2.1.0/specifications/coffee-script-2.2.0.gemspec
I, [2014-02-16T05:53:10.741701 #23300]  INFO -- : 0:  thor (0.18.1) from /usr/local/rvm/gems/ruby-2.1.0/specifications/thor-0.18.1.gemspec
I, [2014-02-16T05:53:10.742101 #23300]  INFO -- : 0:  railties (4.0.1) from /usr/local/rvm/gems/ruby-2.1.0/specifications/railties-4.0.1.gemspec
I, [2014-02-16T05:53:10.742599 #23300]  INFO -- : 0:  coffee-rails (4.0.1) from /usr/local/rvm/gems/ruby-2.1.0/specifications/coffee-rails-4.0.1.gemspec
I, [2014-02-16T05:53:10.742989 #23300]  INFO -- : 0:  orm_adapter (0.5.0) from /usr/local/rvm/gems/ruby-2.1.0/specifications/orm_adapter-0.5.0.gemspec
I, [2014-02-16T05:53:10.743359 #23300]  INFO -- : 0:  warden (1.2.3) from /usr/local/rvm/gems/ruby-2.1.0/specifications/warden-1.2.3.gemspec
I, [2014-02-16T05:53:10.743865 #23300]  INFO -- : 0:  devise (3.2.2) from /usr/local/rvm/gems/ruby-2.1.0/specifications/devise-3.2.2.gemspec
I, [2014-02-16T05:53:12.294029 #23300]  INFO -- : 0:  multipart-post (2.0.0) from /usr/local/rvm/gems/ruby-2.1.0/specifications/multipart-post-2.0.0.gemspec
I, [2014-02-16T05:53:14.226330 #23300]  INFO -- : 0:  faraday (0.9.0) from /usr/local/rvm/gems/ruby-2.1.0/specifications/faraday-0.9.0.gemspec
I, [2014-02-16T05:53:14.226963 #23300]  INFO -- : 0:  geocoder (1.1.9) from /usr/local/rvm/gems/ruby-2.1.0/specifications/geocoder-1.1.9.gemspec
I, [2014-02-16T05:53:14.227362 #23300]  INFO -- : 0:  hashie (2.0.5) from /usr/local/rvm/gems/ruby-2.1.0/specifications/hashie-2.0.5.gemspec
I, [2014-02-16T05:53:14.227910 #23300]  INFO -- : 0:  highline (1.6.20) from /usr/local/rvm/gems/ruby-2.1.0/specifications/highline-1.6.20.gemspec
I, [2014-02-16T05:53:14.228302 #23300]  INFO -- : 0:  hike (1.2.3) from /usr/local/rvm/gems/ruby-2.1.0/specifications/hike-1.2.3.gemspec
I, [2014-02-16T05:53:14.228845 #23300]  INFO -- : 0:  jbuilder (1.5.3) from /usr/local/rvm/gems/ruby-2.1.0/specifications/jbuilder-1.5.3.gemspec
I, [2014-02-16T05:53:14.229247 #23300]  INFO -- : 0:  jquery-ui-rails (4.1.1) from /usr/local/rvm/gems/ruby-2.1.0/specifications/jquery-ui-rails-4.1.1.gemspec
I, [2014-02-16T05:53:14.229787 #23300]  INFO -- : 0:  uuidtools (2.1.4) from /usr/local/rvm/gems/ruby-2.1.0/specifications/uuidtools-2.1.4.gemspec
I, [2014-02-16T05:53:14.230188 #23300]  INFO -- : 0:  jquery-modal-rails (0.0.4) from /usr/local/rvm/gems/ruby-2.1.0/specifications/jquery-modal-rails-0.0.4.gemspec
I, [2014-02-16T05:53:16.750715 #23300]  INFO -- : 0:  jquery-rails (3.1.0) from /usr/local/rvm/gems/ruby-2.1.0/specifications/jquery-rails-3.1.0.gemspec
I, [2014-02-16T05:53:16.751177 #23300]  INFO -- : 0:  jquery_datepicker (0.4) from /usr/local/rvm/gems/ruby-2.1.0/specifications/jquery_datepicker-0.4.gemspec
I, [2014-02-16T05:53:16.751741 #23300]  INFO -- : 0:  tilt (1.4.1) from /usr/local/rvm/gems/ruby-2.1.0/specifications/tilt-1.4.1.gemspec
I, [2014-02-16T05:53:16.752125 #23300]  INFO -- : 0:  sprockets (2.10.1) from /usr/local/rvm/gems/ruby-2.1.0/specifications/sprockets-2.10.1.gemspec
I, [2014-02-16T05:53:16.752618 #23300]  INFO -- : 0:  sprockets-rails (2.0.1) from /usr/local/rvm/gems/ruby-2.1.0/specifications/sprockets-rails-2.0.1.gemspec
I, [2014-02-16T05:53:16.753006 #23300]  INFO -- : 0:  rails (4.0.1) from /usr/local/rvm/gems/ruby-2.1.0/specifications/rails-4.0.1.gemspec
I, [2014-02-16T05:53:16.753377 #23300]  INFO -- : 0:  js-routes (0.9.6) from /usr/local/rvm/gems/ruby-2.1.0/specifications/js-routes-0.9.6.gemspec
I, [2014-02-16T05:53:18.303258 #23300]  INFO -- : 0:  json (1.8.1) from /usr/local/rvm/gems/ruby-2.1.0/specifications/json-1.8.1.gemspec
I, [2014-02-16T05:53:19.577247 #23300]  INFO -- : 0:  jwt (0.1.11) from /usr/local/rvm/gems/ruby-2.1.0/specifications/jwt-0.1.11.gemspec
I, [2014-02-16T05:53:21.180995 #23300]  INFO -- : 0:  kaminari (0.15.1) from /usr/local/rvm/gems/ruby-2.1.0/specifications/kaminari-0.15.1.gemspec
I, [2014-02-16T05:53:21.181724 #23300]  INFO -- : 0:  lazybox (0.2.6) from /usr/local/rvm/gems/ruby-2.1.0/specifications/lazybox-0.2.6.gemspec
I, [2014-02-16T05:53:21.182211 #23300]  INFO -- : 0:  mini_portile (0.5.2) from /usr/local/rvm/gems/ruby-2.1.0/specifications/mini_portile-0.5.2.gemspec
I, [2014-02-16T05:53:22.846046 #23300]  INFO -- : 0:  multi_xml (0.5.5) from /usr/local/rvm/gems/ruby-2.1.0/specifications/multi_xml-0.5.5.gemspec
I, [2014-02-16T05:53:22.846735 #23300]  INFO -- : 0:  nokogiri (1.6.1) from /usr/local/rvm/gems/ruby-2.1.0/specifications/nokogiri-1.6.1.gemspec
I, [2014-02-16T05:53:24.394639 #23300]  INFO -- : 0:  oauth2 (0.9.3) from /usr/local/rvm/gems/ruby-2.1.0/specifications/oauth2-0.9.3.gemspec
I, [2014-02-16T05:53:25.935237 #23300]  INFO -- : 0:  omniauth (1.2.1) from /usr/local/rvm/gems/ruby-2.1.0/specifications/omniauth-1.2.1.gemspec
I, [2014-02-16T05:53:27.243458 #23300]  INFO -- : 0:  omniauth-oauth2 (1.1.2) from /usr/local/rvm/gems/ruby-2.1.0/specifications/omniauth-oauth2-1.1.2.gemspec
I, [2014-02-16T05:53:28.905895 #23300]  INFO -- : 0:  omniauth-facebook (1.6.0) from /usr/local/rvm/gems/ruby-2.1.0/specifications/omniauth-facebook-1.6.0.gemspec
I, [2014-02-16T05:53:30.455633 #23300]  INFO -- : 0:  options (2.3.1) from /usr/local/rvm/gems/ruby-2.1.0/specifications/options-2.3.1.gemspec
I, [2014-02-16T05:53:32.095767 #23300]  INFO -- : 0:  owlcarousel-rails (1.1.3.2) from /usr/local/rvm/gems/ruby-2.1.0/specifications/owlcarousel-rails-1.1.3.2.gemspec
I, [2014-02-16T05:53:34.168295 #23300]  INFO -- : 0:  paperclip (4.1.0) from /usr/local/rvm/gems/ruby-2.1.0/specifications/paperclip-4.1.0.gemspec
I, [2014-02-16T05:53:34.168962 #23300]  INFO -- : 0:  pr_geohash (1.0.0) from /usr/local/rvm/gems/ruby-2.1.0/specifications/pr_geohash-1.0.0.gemspec
I, [2014-02-16T05:53:34.169364 #23300]  INFO -- : 0:  progress_bar (1.0.0) from /usr/local/rvm/gems/ruby-2.1.0/specifications/progress_bar-1.0.0.gemspec
I, [2014-02-16T05:53:37.097666 #23300]  INFO -- : 0:  rdoc (4.1.1) from /usr/local/rvm/gems/ruby-2.1.0/specifications/rdoc-4.1.1.gemspec
I, [2014-02-16T05:53:37.098212 #23300]  INFO -- : 0:  rsolr (1.0.9) from /usr/local/rvm/gems/ruby-2.1.0/specifications/rsolr-1.0.9.gemspec
I, [2014-02-16T05:53:39.284408 #23300]  INFO -- : 0:  sass (3.2.14) from /usr/local/rvm/gems/ruby-2.1.0/specifications/sass-3.2.14.gemspec
I, [2014-02-16T05:53:39.285067 #23300]  INFO -- : 0:  sass-rails (4.0.1) from /usr/local/rvm/gems/ruby-2.1.0/specifications/sass-rails-4.0.1.gemspec
I, [2014-02-16T05:53:41.294541 #23300]  INFO -- : 0:  sdoc (0.4.0) from /usr/local/rvm/gems/ruby-2.1.0/specifications/sdoc-0.4.0.gemspec
I, [2014-02-16T05:53:41.295042 #23300]  INFO -- : 0:  sorted (1.0.0) from /usr/local/rvm/gems/ruby-2.1.0/specifications/sorted-1.0.0.gemspec
I, [2014-02-16T05:53:41.295430 #23300]  INFO -- : 0:  sqlite3 (1.3.8) from /usr/local/rvm/gems/ruby-2.1.0/specifications/sqlite3-1.3.8.gemspec
I, [2014-02-16T05:53:43.239961 #23300]  INFO -- : 0:  stringex (2.2.0) from /usr/local/rvm/gems/ruby-2.1.0/specifications/stringex-2.2.0.gemspec
I, [2014-02-16T05:53:45.311852 #23300]  INFO -- : 0:  sunspot (2.1.0) from /usr/local/rvm/gems/ruby-2.1.0/specifications/sunspot-2.1.0.gemspec
I, [2014-02-16T05:53:46.892062 #23300]  INFO -- : 0:  sunspot_rails (2.1.0) from /usr/local/rvm/gems/ruby-2.1.0/specifications/sunspot_rails-2.1.0.gemspec
I, [2014-02-16T05:53:58.877660 #23300]  INFO -- : 0:  sunspot_solr (2.1.0) from /usr/local/rvm/gems/ruby-2.1.0/specifications/sunspot_solr-2.1.0.gemspec
I, [2014-02-16T05:54:00.405451 #23300]  INFO -- : 0:  turbolinks (2.2.1) from /usr/local/rvm/gems/ruby-2.1.0/specifications/turbolinks-2.2.1.gemspec
I, [2014-02-16T05:54:00.406078 #23300]  INFO -- : 0:  uglifier (2.4.0) from /usr/local/rvm/gems/ruby-2.1.0/specifications/uglifier-2.4.0.gemspec
I, [2014-02-16T06:35:17.999767 #24155]  INFO -- : 0:  rake (10.1.1) from /usr/local/rvm/gems/ruby-2.1.0/specifications/rake-10.1.1.gemspec
I, [2014-02-16T06:35:18.013607 #24155]  INFO -- : 0:  i18n (0.6.9) from /usr/local/rvm/gems/ruby-2.1.0/specifications/i18n-0.6.9.gemspec
I, [2014-02-16T06:35:18.229746 #24155]  INFO -- : 0:  minitest (4.7.5) from /usr/local/rvm/gems/ruby-2.1.0/specifications/minitest-4.7.5.gemspec
I, [2014-02-16T06:35:18.230361 #24155]  INFO -- : 0:  multi_json (1.8.4) from /usr/local/rvm/gems/ruby-2.1.0/specifications/multi_json-1.8.4.gemspec
I, [2014-02-16T06:35:18.230985 #24155]  INFO -- : 0:  atomic (1.1.14) from /usr/local/rvm/gems/ruby-2.1.0/specifications/atomic-1.1.14.gemspec
I, [2014-02-16T06:35:18.231448 #24155]  INFO -- : 0:  thread_safe (0.1.3) from /usr/local/rvm/gems/ruby-2.1.0/specifications/thread_safe-0.1.3.gemspec
I, [2014-02-16T06:35:18.231996 #24155]  INFO -- : 0:  tzinfo (0.3.38) from /usr/local/rvm/gems/ruby-2.1.0/specifications/tzinfo-0.3.38.gemspec
I, [2014-02-16T06:35:18.232388 #24155]  INFO -- : 0:  activesupport (4.0.1) from /usr/local/rvm/gems/ruby-2.1.0/specifications/activesupport-4.0.1.gemspec
I, [2014-02-16T06:35:18.232934 #24155]  INFO -- : 0:  builder (3.1.4) from /usr/local/rvm/gems/ruby-2.1.0/specifications/builder-3.1.4.gemspec
I, [2014-02-16T06:35:18.233364 #24155]  INFO -- : 0:  erubis (2.7.0) from /usr/local/rvm/gems/ruby-2.1.0/specifications/erubis-2.7.0.gemspec
I, [2014-02-16T06:35:18.233908 #24155]  INFO -- : 0:  rack (1.5.2) from /usr/local/rvm/gems/ruby-2.1.0/specifications/rack-1.5.2.gemspec
I, [2014-02-16T06:35:18.234342 #24155]  INFO -- : 0:  rack-test (0.6.2) from /usr/local/rvm/gems/ruby-2.1.0/specifications/rack-test-0.6.2.gemspec
I, [2014-02-16T06:35:18.234872 #24155]  INFO -- : 0:  actionpack (4.0.1) from /usr/local/rvm/gems/ruby-2.1.0/specifications/actionpack-4.0.1.gemspec
I, [2014-02-16T06:35:18.235285 #24155]  INFO -- : 0:  mime-types (1.25.1) from /usr/local/rvm/gems/ruby-2.1.0/specifications/mime-types-1.25.1.gemspec
I, [2014-02-16T06:35:18.235830 #24155]  INFO -- : 0:  polyglot (0.3.3) from /usr/local/rvm/gems/ruby-2.1.0/specifications/polyglot-0.3.3.gemspec
I, [2014-02-16T06:35:18.236239 #24155]  INFO -- : 0:  treetop (1.4.15) from /usr/local/rvm/gems/ruby-2.1.0/specifications/treetop-1.4.15.gemspec
I, [2014-02-16T06:35:18.236803 #24155]  INFO -- : 0:  mail (2.5.4) from /usr/local/rvm/gems/ruby-2.1.0/specifications/mail-2.5.4.gemspec
I, [2014-02-16T06:35:18.237191 #24155]  INFO -- : 0:  actionmailer (4.0.1) from /usr/local/rvm/gems/ruby-2.1.0/specifications/actionmailer-4.0.1.gemspec
I, [2014-02-16T06:35:18.237753 #24155]  INFO -- : 0:  activemodel (4.0.1) from /usr/local/rvm/gems/ruby-2.1.0/specifications/activemodel-4.0.1.gemspec
I, [2014-02-16T06:35:18.238167 #24155]  INFO -- : 0:  activerecord-deprecated_finders (1.0.3) from /usr/local/rvm/gems/ruby-2.1.0/specifications/activerecord-deprecated_finders-1.0.3.gemspec
I, [2014-02-16T06:35:18.238742 #24155]  INFO -- : 0:  arel (4.0.2) from /usr/local/rvm/gems/ruby-2.1.0/specifications/arel-4.0.2.gemspec
I, [2014-02-16T06:35:18.239162 #24155]  INFO -- : 0:  activerecord (4.0.1) from /usr/local/rvm/gems/ruby-2.1.0/specifications/activerecord-4.0.1.gemspec
I, [2014-02-16T06:35:18.239667 #24155]  INFO -- : 0:  bcrypt-ruby (3.1.2) from /usr/local/rvm/gems/ruby-2.1.0/specifications/bcrypt-ruby-3.1.2.gemspec
I, [2014-02-16T06:35:18.240078 #24155]  INFO -- : 0:  bundler (1.5.0) from /usr/local/rvm/gems/ruby-2.1.0@global/specifications/bundler-1.5.0.gemspec
I, [2014-02-16T06:35:18.240604 #24155]  INFO -- : 0:  climate_control (0.0.3) from /usr/local/rvm/gems/ruby-2.1.0/specifications/climate_control-0.0.3.gemspec
I, [2014-02-16T06:35:18.241027 #24155]  INFO -- : 0:  cocaine (0.5.3) from /usr/local/rvm/gems/ruby-2.1.0/specifications/cocaine-0.5.3.gemspec
I, [2014-02-16T06:35:18.241449 #24155]  INFO -- : 0:  coffee-script-source (1.7.0) from /usr/local/rvm/gems/ruby-2.1.0/specifications/coffee-script-source-1.7.0.gemspec
I, [2014-02-16T06:35:18.241936 #24155]  INFO -- : 0:  execjs (2.0.2) from /usr/local/rvm/gems/ruby-2.1.0/specifications/execjs-2.0.2.gemspec
I, [2014-02-16T06:35:18.242342 #24155]  INFO -- : 0:  coffee-script (2.2.0) from /usr/local/rvm/gems/ruby-2.1.0/specifications/coffee-script-2.2.0.gemspec
I, [2014-02-16T06:35:18.242868 #24155]  INFO -- : 0:  thor (0.18.1) from /usr/local/rvm/gems/ruby-2.1.0/specifications/thor-0.18.1.gemspec
I, [2014-02-16T06:35:18.243302 #24155]  INFO -- : 0:  railties (4.0.1) from /usr/local/rvm/gems/ruby-2.1.0/specifications/railties-4.0.1.gemspec
I, [2014-02-16T06:35:18.243818 #24155]  INFO -- : 0:  coffee-rails (4.0.1) from /usr/local/rvm/gems/ruby-2.1.0/specifications/coffee-rails-4.0.1.gemspec
I, [2014-02-16T06:35:18.244195 #24155]  INFO -- : 0:  orm_adapter (0.5.0) from /usr/local/rvm/gems/ruby-2.1.0/specifications/orm_adapter-0.5.0.gemspec
I, [2014-02-16T06:35:18.244706 #24155]  INFO -- : 0:  warden (1.2.3) from /usr/local/rvm/gems/ruby-2.1.0/specifications/warden-1.2.3.gemspec
I, [2014-02-16T06:35:18.245121 #24155]  INFO -- : 0:  devise (3.2.2) from /usr/local/rvm/gems/ruby-2.1.0/specifications/devise-3.2.2.gemspec
I, [2014-02-16T06:35:18.245645 #24155]  INFO -- : 0:  multipart-post (2.0.0) from /usr/local/rvm/gems/ruby-2.1.0/specifications/multipart-post-2.0.0.gemspec
I, [2014-02-16T06:35:18.246080 #24155]  INFO -- : 0:  faraday (0.9.0) from /usr/local/rvm/gems/ruby-2.1.0/specifications/faraday-0.9.0.gemspec
I, [2014-02-16T06:35:18.246456 #24155]  INFO -- : 0:  geocoder (1.1.9) from /usr/local/rvm/gems/ruby-2.1.0/specifications/geocoder-1.1.9.gemspec
I, [2014-02-16T06:35:18.246972 #24155]  INFO -- : 0:  hashie (2.0.5) from /usr/local/rvm/gems/ruby-2.1.0/specifications/hashie-2.0.5.gemspec
I, [2014-02-16T06:35:18.247383 #24155]  INFO -- : 0:  highline (1.6.20) from /usr/local/rvm/gems/ruby-2.1.0/specifications/highline-1.6.20.gemspec
I, [2014-02-16T06:35:18.247900 #24155]  INFO -- : 0:  hike (1.2.3) from /usr/local/rvm/gems/ruby-2.1.0/specifications/hike-1.2.3.gemspec
I, [2014-02-16T06:35:18.248306 #24155]  INFO -- : 0:  jbuilder (1.5.3) from /usr/local/rvm/gems/ruby-2.1.0/specifications/jbuilder-1.5.3.gemspec
I, [2014-02-16T06:35:18.248799 #24155]  INFO -- : 0:  jquery-ui-rails (4.1.1) from /usr/local/rvm/gems/ruby-2.1.0/specifications/jquery-ui-rails-4.1.1.gemspec
I, [2014-02-16T06:35:18.249220 #24155]  INFO -- : 0:  uuidtools (2.1.4) from /usr/local/rvm/gems/ruby-2.1.0/specifications/uuidtools-2.1.4.gemspec
I, [2014-02-16T06:35:18.249765 #24155]  INFO -- : 0:  jquery-modal-rails (0.0.4) from /usr/local/rvm/gems/ruby-2.1.0/specifications/jquery-modal-rails-0.0.4.gemspec
I, [2014-02-16T06:35:18.250190 #24155]  INFO -- : 0:  jquery-rails (3.1.0) from /usr/local/rvm/gems/ruby-2.1.0/specifications/jquery-rails-3.1.0.gemspec
I, [2014-02-16T06:35:18.250708 #24155]  INFO -- : 0:  jquery_datepicker (0.4) from /usr/local/rvm/gems/ruby-2.1.0/specifications/jquery_datepicker-0.4.gemspec
I, [2014-02-16T06:35:18.251138 #24155]  INFO -- : 0:  tilt (1.4.1) from /usr/local/rvm/gems/ruby-2.1.0/specifications/tilt-1.4.1.gemspec
I, [2014-02-16T06:35:18.251612 #24155]  INFO -- : 0:  sprockets (2.10.1) from /usr/local/rvm/gems/ruby-2.1.0/specifications/sprockets-2.10.1.gemspec
I, [2014-02-16T06:35:18.252043 #24155]  INFO -- : 0:  sprockets-rails (2.0.1) from /usr/local/rvm/gems/ruby-2.1.0/specifications/sprockets-rails-2.0.1.gemspec
I, [2014-02-16T06:35:18.252552 #24155]  INFO -- : 0:  rails (4.0.1) from /usr/local/rvm/gems/ruby-2.1.0/specifications/rails-4.0.1.gemspec
I, [2014-02-16T06:35:18.252981 #24155]  INFO -- : 0:  js-routes (0.9.6) from /usr/local/rvm/gems/ruby-2.1.0/specifications/js-routes-0.9.6.gemspec
I, [2014-02-16T06:35:20.673032 #24155]  INFO -- : 0:  json (1.8.1) from /usr/local/rvm/gems/ruby-2.1.0/specifications/json-1.8.1.gemspec
I, [2014-02-16T06:35:20.674170 #24155]  INFO -- : 0:  jwt (0.1.11) from /usr/local/rvm/gems/ruby-2.1.0/specifications/jwt-0.1.11.gemspec
I, [2014-02-16T06:35:20.674780 #24155]  INFO -- : 0:  kaminari (0.15.1) from /usr/local/rvm/gems/ruby-2.1.0/specifications/kaminari-0.15.1.gemspec
I, [2014-02-16T06:35:20.675249 #24155]  INFO -- : 0:  lazybox (0.2.6) from /usr/local/rvm/gems/ruby-2.1.0/specifications/lazybox-0.2.6.gemspec
I, [2014-02-16T06:35:20.675850 #24155]  INFO -- : 0:  mini_portile (0.5.2) from /usr/local/rvm/gems/ruby-2.1.0/specifications/mini_portile-0.5.2.gemspec
I, [2014-02-16T06:35:20.676316 #24155]  INFO -- : 0:  multi_xml (0.5.5) from /usr/local/rvm/gems/ruby-2.1.0/specifications/multi_xml-0.5.5.gemspec
I, [2014-02-16T06:35:20.676856 #24155]  INFO -- : 0:  nokogiri (1.6.1) from /usr/local/rvm/gems/ruby-2.1.0/specifications/nokogiri-1.6.1.gemspec
I, [2014-02-16T06:35:20.677319 #24155]  INFO -- : 0:  oauth2 (0.9.3) from /usr/local/rvm/gems/ruby-2.1.0/specifications/oauth2-0.9.3.gemspec
I, [2014-02-16T06:35:20.677907 #24155]  INFO -- : 0:  omniauth (1.2.1) from /usr/local/rvm/gems/ruby-2.1.0/specifications/omniauth-1.2.1.gemspec
I, [2014-02-16T06:35:20.678385 #24155]  INFO -- : 0:  omniauth-oauth2 (1.1.2) from /usr/local/rvm/gems/ruby-2.1.0/specifications/omniauth-oauth2-1.1.2.gemspec
I, [2014-02-16T06:35:20.678947 #24155]  INFO -- : 0:  omniauth-facebook (1.6.0) from /usr/local/rvm/gems/ruby-2.1.0/specifications/omniauth-facebook-1.6.0.gemspec
I, [2014-02-16T06:35:20.679383 #24155]  INFO -- : 0:  options (2.3.1) from /usr/local/rvm/gems/ruby-2.1.0/specifications/options-2.3.1.gemspec
I, [2014-02-16T06:35:20.679975 #24155]  INFO -- : 0:  owlcarousel-rails (1.1.3.2) from /usr/local/rvm/gems/ruby-2.1.0/specifications/owlcarousel-rails-1.1.3.2.gemspec
I, [2014-02-16T06:35:20.680433 #24155]  INFO -- : 0:  paperclip (4.1.0) from /usr/local/rvm/gems/ruby-2.1.0/specifications/paperclip-4.1.0.gemspec
I, [2014-02-16T06:35:20.681005 #24155]  INFO -- : 0:  pr_geohash (1.0.0) from /usr/local/rvm/gems/ruby-2.1.0/specifications/pr_geohash-1.0.0.gemspec
I, [2014-02-16T06:35:20.681482 #24155]  INFO -- : 0:  progress_bar (1.0.0) from /usr/local/rvm/gems/ruby-2.1.0/specifications/progress_bar-1.0.0.gemspec
I, [2014-02-16T06:35:20.682019 #24155]  INFO -- : 0:  rdoc (4.1.1) from /usr/local/rvm/gems/ruby-2.1.0/specifications/rdoc-4.1.1.gemspec
I, [2014-02-16T06:35:20.682572 #24155]  INFO -- : 0:  rsolr (1.0.9) from /usr/local/rvm/gems/ruby-2.1.0/specifications/rsolr-1.0.9.gemspec
I, [2014-02-16T06:35:20.683044 #24155]  INFO -- : 0:  sass (3.2.14) from /usr/local/rvm/gems/ruby-2.1.0/specifications/sass-3.2.14.gemspec
I, [2014-02-16T06:35:20.683588 #24155]  INFO -- : 0:  sass-rails (4.0.1) from /usr/local/rvm/gems/ruby-2.1.0/specifications/sass-rails-4.0.1.gemspec
I, [2014-02-16T06:35:20.684057 #24155]  INFO -- : 0:  sdoc (0.4.0) from /usr/local/rvm/gems/ruby-2.1.0/specifications/sdoc-0.4.0.gemspec
I, [2014-02-16T06:35:20.684435 #24155]  INFO -- : 0:  sorted (1.0.0) from /usr/local/rvm/gems/ruby-2.1.0/specifications/sorted-1.0.0.gemspec
I, [2014-02-16T06:35:20.685001 #24155]  INFO -- : 0:  sqlite3 (1.3.8) from /usr/local/rvm/gems/ruby-2.1.0/specifications/sqlite3-1.3.8.gemspec
I, [2014-02-16T06:35:20.685457 #24155]  INFO -- : 0:  stringex (2.2.0) from /usr/local/rvm/gems/ruby-2.1.0/specifications/stringex-2.2.0.gemspec
I, [2014-02-16T06:35:20.686041 #24155]  INFO -- : 0:  sunspot (2.1.0) from /usr/local/rvm/gems/ruby-2.1.0/specifications/sunspot-2.1.0.gemspec
I, [2014-02-16T06:35:20.686570 #24155]  INFO -- : 0:  sunspot_rails (2.1.0) from /usr/local/rvm/gems/ruby-2.1.0/specifications/sunspot_rails-2.1.0.gemspec
I, [2014-02-16T06:35:20.687006 #24155]  INFO -- : 0:  sunspot_solr (2.1.0) from /usr/local/rvm/gems/ruby-2.1.0/specifications/sunspot_solr-2.1.0.gemspec
I, [2014-02-16T06:35:20.687450 #24155]  INFO -- : 0:  turbolinks (2.2.1) from /usr/local/rvm/gems/ruby-2.1.0/specifications/turbolinks-2.2.1.gemspec
I, [2014-02-16T06:35:20.688003 #24155]  INFO -- : 0:  uglifier (2.4.0) from /usr/local/rvm/gems/ruby-2.1.0/specifications/uglifier-2.4.0.gemspec
